<?xml version="1.0" encoding="UTF-8"?>
<testng-results skipped="0" failed="0" ignored="0" total="4" passed="4">
  <reporter-output>
  </reporter-output>
  <suite name="Default suite" duration-ms="55" started-at="2018-09-12T05:23:52Z" finished-at="2018-09-12T05:23:52Z">
    <groups>
    </groups>
    <test name="Default test" duration-ms="55" started-at="2018-09-12T05:23:52Z" finished-at="2018-09-12T05:23:52Z">
      <class name="com.qa.testpackage.DemoTest">
        <test-method status="PASS" signature="Multiplication()[pri:0, instance:com.qa.testpackage.DemoTest@51efea79]" name="Multiplication" duration-ms="11" started-at="2018-09-12T10:53:52Z" finished-at="2018-09-12T10:53:52Z">
          <reporter-output>
          </reporter-output>
        </test-method> <!-- Multiplication -->
        <test-method status="PASS" signature="div()[pri:0, instance:com.qa.testpackage.DemoTest@51efea79]" name="div" duration-ms="4" started-at="2018-09-12T10:53:52Z" finished-at="2018-09-12T10:53:52Z">
          <reporter-output>
          </reporter-output>
        </test-method> <!-- div -->
        <test-method status="PASS" signature="sub()[pri:0, instance:com.qa.testpackage.DemoTest@51efea79]" name="sub" duration-ms="2" started-at="2018-09-12T10:53:52Z" finished-at="2018-09-12T10:53:52Z">
          <reporter-output>
          </reporter-output>
        </test-method> <!-- sub -->
        <test-method status="PASS" signature="sum()[pri:0, instance:com.qa.testpackage.DemoTest@51efea79]" name="sum" duration-ms="4" started-at="2018-09-12T10:53:52Z" finished-at="2018-09-12T10:53:52Z">
          <reporter-output>
          </reporter-output>
        </test-method> <!-- sum -->
      </class> <!-- com.qa.testpackage.DemoTest -->
    </test> <!-- Default test -->
  </suite> <!-- Default suite -->
</testng-results>
