<?xml version="1.0" encoding="UTF-8"?>
<testng-results skipped="0" failed="0" ignored="0" total="1" passed="1">
  <reporter-output>
  </reporter-output>
  <suite name="Default suite" duration-ms="20681" started-at="2018-07-20T15:12:01Z" finished-at="2018-07-20T15:12:22Z">
    <groups>
    </groups>
    <test name="Default test" duration-ms="20681" started-at="2018-07-20T15:12:01Z" finished-at="2018-07-20T15:12:22Z">
      <class name="com.com.com.com.com.com.com.com.datadrivantest.Loginheymarket">
        <test-method status="PASS" signature="f()[pri:0, instance:com.com.com.com.com.com.com.com.datadrivantest.Loginheymarket@1e88b3c]" name="f" duration-ms="20651" started-at="2018-07-20T15:12:01Z" finished-at="2018-07-20T15:12:22Z">
          <reporter-output>
          </reporter-output>
        </test-method> <!-- f -->
      </class> <!-- com.com.com.com.com.com.com.com.datadrivantest.Loginheymarket -->
    </test> <!-- Default test -->
  </suite> <!-- Default suite -->
</testng-results>
