<?xml version="1.0" encoding="UTF-8"?>
<testng-results skipped="3" failed="0" ignored="0" total="3" passed="0">
  <reporter-output>
  </reporter-output>
  <suite name="Default suite" duration-ms="48845" started-at="2018-03-12T09:30:20Z" finished-at="2018-03-12T09:31:09Z">
    <groups>
    </groups>
    <test name="Default test" duration-ms="48845" started-at="2018-03-12T09:30:20Z" finished-at="2018-03-12T09:31:09Z">
      <class name="pkg_ACAMS.AdditionalStories">
        <test-method status="FAIL" signature="setUp()[pri:0, instance:pkg_ACAMS.AdditionalStories@39aeed2f]" name="setUp" is-config="true" duration-ms="0" started-at="2018-03-12T15:00:20Z" finished-at="2018-03-12T15:00:20Z">
          <exception class="org.openqa.selenium.WebDriverException">
            <message>
              <![CDATA[Failed to connect to binary FirefoxBinary(C:\Program Files\Mozilla Firefox\firefox.exe) on port 7055; process output follows: 
stering shutdown blocker for LightweightThemeManager
1520847024931	addons.manager	DEBUG	Provider finished startup: LightweightThemeManager
1520847024932	addons.manager	DEBUG	Starting provider: GMPProvider
1520847024935	addons.manager	DEBUG	Registering shutdown blocker for GMPProvider
1520847024935	addons.manager	DEBUG	Provider finished startup: GMPProvider
1520847024935	addons.manager	DEBUG	Starting provider: PluginProvider
1520847024935	addons.manager	DEBUG	Registering shutdown blocker for PluginProvider
1520847024936	addons.manager	DEBUG	Provider finished startup: PluginProvider
1520847024936	addons.manager	DEBUG	Completed startup sequence
1520847026545	addons.repository	DEBUG	No addons.json found.
1520847026569	addons.manager	DEBUG	Starting provider: PreviousExperimentProvider
1520847026569	addons.manager	DEBUG	Registering shutdown blocker for PreviousExperimentProvider
1520847026569	addons.manager	DEBUG	Provider finished startup: PreviousExperimentProvider
1520847027704	addons.xpi-utils	DEBUG	XPI Database saved, setting schema version preference to 23
1520847028808	addons.xpi	INFO	Mapping fxdriver@googlecode.com to C:\Users\rahul.pawar\AppData\Local\Temp\anonymous8023028987088340916webdriver-profile\extensions\fxdriver@googlecode.com
1520847028808	addons.xpi	DEBUG	Ignoring file entry whose name is not a valid add-on ID: C:\Users\rahul.pawar\AppData\Local\Temp\anonymous8023028987088340916webdriver-profile\extensions\webdriver-staging
1520847028809	addons.xpi	DEBUG	Existing add-on fxdriver@googlecode.com in app-profile
1520847028809	addons.xpi	INFO	Mapping activity-stream@mozilla.org to C:\Program Files\Mozilla Firefox\browser\features\activity-stream@mozilla.org.xpi
1520847028809	addons.xpi	INFO	Mapping aushelper@mozilla.org to C:\Program Files\Mozilla Firefox\browser\features\aushelper@mozilla.org.xpi
1520847028809	addons.xpi	INFO	Mapping firefox@getpocket.com to C:\Program Files\Mozilla Firefox\browser\features\firefox@getpocket.com.xpi
1520847028809	addons.xpi	INFO	Mapping followonsearch@mozilla.com to C:\Program Files\Mozilla Firefox\browser\features\followonsearch@mozilla.com.xpi
1520847028809	addons.xpi	INFO	Mapping formautofill@mozilla.org to C:\Program Files\Mozilla Firefox\browser\features\formautofill@mozilla.org.xpi
1520847028810	addons.xpi	INFO	Mapping onboarding@mozilla.org to C:\Program Files\Mozilla Firefox\browser\features\onboarding@mozilla.org.xpi
1520847028810	addons.xpi	INFO	Mapping screenshots@mozilla.org to C:\Program Files\Mozilla Firefox\browser\features\screenshots@mozilla.org.xpi
1520847028810	addons.xpi	INFO	Mapping shield-recipe-client@mozilla.org to C:\Program Files\Mozilla Firefox\browser\features\shield-recipe-client@mozilla.org.xpi
1520847028810	addons.xpi	INFO	Mapping webcompat@mozilla.org to C:\Program Files\Mozilla Firefox\browser\features\webcompat@mozilla.org.xpi
1520847028810	addons.xpi	DEBUG	Existing add-on activity-stream@mozilla.org in app-system-defaults
1520847028810	addons.xpi	DEBUG	Existing add-on aushelper@mozilla.org in app-system-defaults
1520847028811	addons.xpi	DEBUG	Existing add-on firefox@getpocket.com in app-system-defaults
1520847028811	addons.xpi	DEBUG	Existing add-on followonsearch@mozilla.com in app-system-defaults
1520847028811	addons.xpi	DEBUG	Existing add-on formautofill@mozilla.org in app-system-defaults
1520847028811	addons.xpi	DEBUG	Existing add-on onboarding@mozilla.org in app-system-defaults
1520847028812	addons.xpi	DEBUG	Existing add-on screenshots@mozilla.org in app-system-defaults
1520847028812	addons.xpi	DEBUG	Existing add-on shield-recipe-client@mozilla.org in app-system-defaults
1520847028812	addons.xpi	DEBUG	Existing add-on webcompat@mozilla.org in app-system-defaults
1520847028813	addons.xpi	INFO	Mapping {972ce4c6-7e08-4474-a285-3208198ce6fd} to C:\Program Files\Mozilla Firefox\browser\extensions\{972ce4c6-7e08-4474-a285-3208198ce6fd}.xpi
1520847028813	addons.xpi	DEBUG	Existing add-on {972ce4c6-7e08-4474-a285-3208198ce6fd} in app-global
1520847028813	addons.xpi	DEBUG	getInstallState changed: false, state: {}

Build info: version: '2.53.0', revision: '35ae25b', time: '2016-03-15 16:57:40'
System info: host: 'ASEN-L-Rahul', ip: '172.29.241.191', os.name: 'Windows 10', os.arch: 'amd64', os.version: '10.0', java.version: '1.8.0_144'
Driver info: driver.version: FirefoxDriver]]>
            </message>
            <full-stacktrace>
              <![CDATA[org.openqa.selenium.WebDriverException: Failed to connect to binary FirefoxBinary(C:\Program Files\Mozilla Firefox\firefox.exe) on port 7055; process output follows: 
stering shutdown blocker for LightweightThemeManager
1520847024931	addons.manager	DEBUG	Provider finished startup: LightweightThemeManager
1520847024932	addons.manager	DEBUG	Starting provider: GMPProvider
1520847024935	addons.manager	DEBUG	Registering shutdown blocker for GMPProvider
1520847024935	addons.manager	DEBUG	Provider finished startup: GMPProvider
1520847024935	addons.manager	DEBUG	Starting provider: PluginProvider
1520847024935	addons.manager	DEBUG	Registering shutdown blocker for PluginProvider
1520847024936	addons.manager	DEBUG	Provider finished startup: PluginProvider
1520847024936	addons.manager	DEBUG	Completed startup sequence
1520847026545	addons.repository	DEBUG	No addons.json found.
1520847026569	addons.manager	DEBUG	Starting provider: PreviousExperimentProvider
1520847026569	addons.manager	DEBUG	Registering shutdown blocker for PreviousExperimentProvider
1520847026569	addons.manager	DEBUG	Provider finished startup: PreviousExperimentProvider
1520847027704	addons.xpi-utils	DEBUG	XPI Database saved, setting schema version preference to 23
1520847028808	addons.xpi	INFO	Mapping fxdriver@googlecode.com to C:\Users\rahul.pawar\AppData\Local\Temp\anonymous8023028987088340916webdriver-profile\extensions\fxdriver@googlecode.com
1520847028808	addons.xpi	DEBUG	Ignoring file entry whose name is not a valid add-on ID: C:\Users\rahul.pawar\AppData\Local\Temp\anonymous8023028987088340916webdriver-profile\extensions\webdriver-staging
1520847028809	addons.xpi	DEBUG	Existing add-on fxdriver@googlecode.com in app-profile
1520847028809	addons.xpi	INFO	Mapping activity-stream@mozilla.org to C:\Program Files\Mozilla Firefox\browser\features\activity-stream@mozilla.org.xpi
1520847028809	addons.xpi	INFO	Mapping aushelper@mozilla.org to C:\Program Files\Mozilla Firefox\browser\features\aushelper@mozilla.org.xpi
1520847028809	addons.xpi	INFO	Mapping firefox@getpocket.com to C:\Program Files\Mozilla Firefox\browser\features\firefox@getpocket.com.xpi
1520847028809	addons.xpi	INFO	Mapping followonsearch@mozilla.com to C:\Program Files\Mozilla Firefox\browser\features\followonsearch@mozilla.com.xpi
1520847028809	addons.xpi	INFO	Mapping formautofill@mozilla.org to C:\Program Files\Mozilla Firefox\browser\features\formautofill@mozilla.org.xpi
1520847028810	addons.xpi	INFO	Mapping onboarding@mozilla.org to C:\Program Files\Mozilla Firefox\browser\features\onboarding@mozilla.org.xpi
1520847028810	addons.xpi	INFO	Mapping screenshots@mozilla.org to C:\Program Files\Mozilla Firefox\browser\features\screenshots@mozilla.org.xpi
1520847028810	addons.xpi	INFO	Mapping shield-recipe-client@mozilla.org to C:\Program Files\Mozilla Firefox\browser\features\shield-recipe-client@mozilla.org.xpi
1520847028810	addons.xpi	INFO	Mapping webcompat@mozilla.org to C:\Program Files\Mozilla Firefox\browser\features\webcompat@mozilla.org.xpi
1520847028810	addons.xpi	DEBUG	Existing add-on activity-stream@mozilla.org in app-system-defaults
1520847028810	addons.xpi	DEBUG	Existing add-on aushelper@mozilla.org in app-system-defaults
1520847028811	addons.xpi	DEBUG	Existing add-on firefox@getpocket.com in app-system-defaults
1520847028811	addons.xpi	DEBUG	Existing add-on followonsearch@mozilla.com in app-system-defaults
1520847028811	addons.xpi	DEBUG	Existing add-on formautofill@mozilla.org in app-system-defaults
1520847028811	addons.xpi	DEBUG	Existing add-on onboarding@mozilla.org in app-system-defaults
1520847028812	addons.xpi	DEBUG	Existing add-on screenshots@mozilla.org in app-system-defaults
1520847028812	addons.xpi	DEBUG	Existing add-on shield-recipe-client@mozilla.org in app-system-defaults
1520847028812	addons.xpi	DEBUG	Existing add-on webcompat@mozilla.org in app-system-defaults
1520847028813	addons.xpi	INFO	Mapping {972ce4c6-7e08-4474-a285-3208198ce6fd} to C:\Program Files\Mozilla Firefox\browser\extensions\{972ce4c6-7e08-4474-a285-3208198ce6fd}.xpi
1520847028813	addons.xpi	DEBUG	Existing add-on {972ce4c6-7e08-4474-a285-3208198ce6fd} in app-global
1520847028813	addons.xpi	DEBUG	getInstallState changed: false, state: {}

Build info: version: '2.53.0', revision: '35ae25b', time: '2016-03-15 16:57:40'
System info: host: 'ASEN-L-Rahul', ip: '172.29.241.191', os.name: 'Windows 10', os.arch: 'amd64', os.version: '10.0', java.version: '1.8.0_144'
Driver info: driver.version: FirefoxDriver
	at org.openqa.selenium.firefox.internal.NewProfileExtensionConnection.start(NewProfileExtensionConnection.java:124)
	at org.openqa.selenium.firefox.FirefoxDriver.startClient(FirefoxDriver.java:271)
	at org.openqa.selenium.remote.RemoteWebDriver.<init>(RemoteWebDriver.java:119)
	at org.openqa.selenium.firefox.FirefoxDriver.<init>(FirefoxDriver.java:218)
	at org.openqa.selenium.firefox.FirefoxDriver.<init>(FirefoxDriver.java:211)
	at org.openqa.selenium.firefox.FirefoxDriver.<init>(FirefoxDriver.java:207)
	at org.openqa.selenium.firefox.FirefoxDriver.<init>(FirefoxDriver.java:120)
	at pkg_ACAMS.AdditionalStories.setUp(AdditionalStories.java:16)
	at sun.reflect.NativeMethodAccessorImpl.invoke0(Native Method)
	at sun.reflect.NativeMethodAccessorImpl.invoke(Unknown Source)
	at sun.reflect.DelegatingMethodAccessorImpl.invoke(Unknown Source)
	at java.lang.reflect.Method.invoke(Unknown Source)
	at org.testng.internal.MethodInvocationHelper.invokeMethod(MethodInvocationHelper.java:104)
	at org.testng.internal.Invoker.invokeConfigurationMethod(Invoker.java:515)
	at org.testng.internal.Invoker.invokeConfigurations(Invoker.java:217)
	at org.testng.internal.Invoker.invokeConfigurations(Invoker.java:144)
	at org.testng.internal.TestMethodWorker.invokeBeforeClassMethods(TestMethodWorker.java:169)
	at org.testng.internal.TestMethodWorker.run(TestMethodWorker.java:108)
	at org.testng.TestRunner.privateRun(TestRunner.java:756)
	at org.testng.TestRunner.run(TestRunner.java:610)
	at org.testng.SuiteRunner.runTest(SuiteRunner.java:387)
	at org.testng.SuiteRunner.runSequentially(SuiteRunner.java:382)
	at org.testng.SuiteRunner.privateRun(SuiteRunner.java:340)
	at org.testng.SuiteRunner.run(SuiteRunner.java:289)
	at org.testng.SuiteRunnerWorker.runSuite(SuiteRunnerWorker.java:52)
	at org.testng.SuiteRunnerWorker.run(SuiteRunnerWorker.java:86)
	at org.testng.TestNG.runSuitesSequentially(TestNG.java:1293)
	at org.testng.TestNG.runSuitesLocally(TestNG.java:1218)
	at org.testng.TestNG.runSuites(TestNG.java:1133)
	at org.testng.TestNG.run(TestNG.java:1104)
	at org.testng.remote.AbstractRemoteTestNG.run(AbstractRemoteTestNG.java:132)
	at org.testng.remote.RemoteTestNG.initAndRun(RemoteTestNG.java:236)
	at org.testng.remote.RemoteTestNG.main(RemoteTestNG.java:81)
Caused by: org.openqa.selenium.firefox.NotConnectedException: Unable to connect to host 127.0.0.1 on port 7055 after 45000 ms. Firefox console output:
stering shutdown blocker for LightweightThemeManager
1520847024931	addons.manager	DEBUG	Provider finished startup: LightweightThemeManager
1520847024932	addons.manager	DEBUG	Starting provider: GMPProvider
1520847024935	addons.manager	DEBUG	Registering shutdown blocker for GMPProvider
1520847024935	addons.manager	DEBUG	Provider finished startup: GMPProvider
1520847024935	addons.manager	DEBUG	Starting provider: PluginProvider
1520847024935	addons.manager	DEBUG	Registering shutdown blocker for PluginProvider
1520847024936	addons.manager	DEBUG	Provider finished startup: PluginProvider
1520847024936	addons.manager	DEBUG	Completed startup sequence
1520847026545	addons.repository	DEBUG	No addons.json found.
1520847026569	addons.manager	DEBUG	Starting provider: PreviousExperimentProvider
1520847026569	addons.manager	DEBUG	Registering shutdown blocker for PreviousExperimentProvider
1520847026569	addons.manager	DEBUG	Provider finished startup: PreviousExperimentProvider
1520847027704	addons.xpi-utils	DEBUG	XPI Database saved, setting schema version preference to 23
1520847028808	addons.xpi	INFO	Mapping fxdriver@googlecode.com to C:\Users\rahul.pawar\AppData\Local\Temp\anonymous8023028987088340916webdriver-profile\extensions\fxdriver@googlecode.com
1520847028808	addons.xpi	DEBUG	Ignoring file entry whose name is not a valid add-on ID: C:\Users\rahul.pawar\AppData\Local\Temp\anonymous8023028987088340916webdriver-profile\extensions\webdriver-staging
1520847028809	addons.xpi	DEBUG	Existing add-on fxdriver@googlecode.com in app-profile
1520847028809	addons.xpi	INFO	Mapping activity-stream@mozilla.org to C:\Program Files\Mozilla Firefox\browser\features\activity-stream@mozilla.org.xpi
1520847028809	addons.xpi	INFO	Mapping aushelper@mozilla.org to C:\Program Files\Mozilla Firefox\browser\features\aushelper@mozilla.org.xpi
1520847028809	addons.xpi	INFO	Mapping firefox@getpocket.com to C:\Program Files\Mozilla Firefox\browser\features\firefox@getpocket.com.xpi
1520847028809	addons.xpi	INFO	Mapping followonsearch@mozilla.com to C:\Program Files\Mozilla Firefox\browser\features\followonsearch@mozilla.com.xpi
1520847028809	addons.xpi	INFO	Mapping formautofill@mozilla.org to C:\Program Files\Mozilla Firefox\browser\features\formautofill@mozilla.org.xpi
1520847028810	addons.xpi	INFO	Mapping onboarding@mozilla.org to C:\Program Files\Mozilla Firefox\browser\features\onboarding@mozilla.org.xpi
1520847028810	addons.xpi	INFO	Mapping screenshots@mozilla.org to C:\Program Files\Mozilla Firefox\browser\features\screenshots@mozilla.org.xpi
1520847028810	addons.xpi	INFO	Mapping shield-recipe-client@mozilla.org to C:\Program Files\Mozilla Firefox\browser\features\shield-recipe-client@mozilla.org.xpi
1520847028810	addons.xpi	INFO	Mapping webcompat@mozilla.org to C:\Program Files\Mozilla Firefox\browser\features\webcompat@mozilla.org.xpi
1520847028810	addons.xpi	DEBUG	Existing add-on activity-stream@mozilla.org in app-system-defaults
1520847028810	addons.xpi	DEBUG	Existing add-on aushelper@mozilla.org in app-system-defaults
1520847028811	addons.xpi	DEBUG	Existing add-on firefox@getpocket.com in app-system-defaults
1520847028811	addons.xpi	DEBUG	Existing add-on followonsearch@mozilla.com in app-system-defaults
1520847028811	addons.xpi	DEBUG	Existing add-on formautofill@mozilla.org in app-system-defaults
1520847028811	addons.xpi	DEBUG	Existing add-on onboarding@mozilla.org in app-system-defaults
1520847028812	addons.xpi	DEBUG	Existing add-on screenshots@mozilla.org in app-system-defaults
1520847028812	addons.xpi	DEBUG	Existing add-on shield-recipe-client@mozilla.org in app-system-defaults
1520847028812	addons.xpi	DEBUG	Existing add-on webcompat@mozilla.org in app-system-defaults
1520847028813	addons.xpi	INFO	Mapping {972ce4c6-7e08-4474-a285-3208198ce6fd} to C:\Program Files\Mozilla Firefox\browser\extensions\{972ce4c6-7e08-4474-a285-3208198ce6fd}.xpi
1520847028813	addons.xpi	DEBUG	Existing add-on {972ce4c6-7e08-4474-a285-3208198ce6fd} in app-global
1520847028813	addons.xpi	DEBUG	getInstallState changed: false, state: {}

	at org.openqa.selenium.firefox.internal.NewProfileExtensionConnection.start(NewProfileExtensionConnection.java:112)
	... 32 more
]]>
            </full-stacktrace>
          </exception> <!-- org.openqa.selenium.WebDriverException -->
          <reporter-output>
          </reporter-output>
        </test-method> <!-- setUp -->
        <test-method status="SKIP" signature="FirefoxAdditionalStories()[pri:0, instance:pkg_ACAMS.AdditionalStories@39aeed2f]" name="FirefoxAdditionalStories" duration-ms="2" started-at="2018-03-12T15:01:09Z" finished-at="2018-03-12T15:01:09Z">
          <exception class="org.openqa.selenium.WebDriverException">
            <message>
              <![CDATA[Failed to connect to binary FirefoxBinary(C:\Program Files\Mozilla Firefox\firefox.exe) on port 7055; process output follows: 
stering shutdown blocker for LightweightThemeManager
1520847024931	addons.manager	DEBUG	Provider finished startup: LightweightThemeManager
1520847024932	addons.manager	DEBUG	Starting provider: GMPProvider
1520847024935	addons.manager	DEBUG	Registering shutdown blocker for GMPProvider
1520847024935	addons.manager	DEBUG	Provider finished startup: GMPProvider
1520847024935	addons.manager	DEBUG	Starting provider: PluginProvider
1520847024935	addons.manager	DEBUG	Registering shutdown blocker for PluginProvider
1520847024936	addons.manager	DEBUG	Provider finished startup: PluginProvider
1520847024936	addons.manager	DEBUG	Completed startup sequence
1520847026545	addons.repository	DEBUG	No addons.json found.
1520847026569	addons.manager	DEBUG	Starting provider: PreviousExperimentProvider
1520847026569	addons.manager	DEBUG	Registering shutdown blocker for PreviousExperimentProvider
1520847026569	addons.manager	DEBUG	Provider finished startup: PreviousExperimentProvider
1520847027704	addons.xpi-utils	DEBUG	XPI Database saved, setting schema version preference to 23
1520847028808	addons.xpi	INFO	Mapping fxdriver@googlecode.com to C:\Users\rahul.pawar\AppData\Local\Temp\anonymous8023028987088340916webdriver-profile\extensions\fxdriver@googlecode.com
1520847028808	addons.xpi	DEBUG	Ignoring file entry whose name is not a valid add-on ID: C:\Users\rahul.pawar\AppData\Local\Temp\anonymous8023028987088340916webdriver-profile\extensions\webdriver-staging
1520847028809	addons.xpi	DEBUG	Existing add-on fxdriver@googlecode.com in app-profile
1520847028809	addons.xpi	INFO	Mapping activity-stream@mozilla.org to C:\Program Files\Mozilla Firefox\browser\features\activity-stream@mozilla.org.xpi
1520847028809	addons.xpi	INFO	Mapping aushelper@mozilla.org to C:\Program Files\Mozilla Firefox\browser\features\aushelper@mozilla.org.xpi
1520847028809	addons.xpi	INFO	Mapping firefox@getpocket.com to C:\Program Files\Mozilla Firefox\browser\features\firefox@getpocket.com.xpi
1520847028809	addons.xpi	INFO	Mapping followonsearch@mozilla.com to C:\Program Files\Mozilla Firefox\browser\features\followonsearch@mozilla.com.xpi
1520847028809	addons.xpi	INFO	Mapping formautofill@mozilla.org to C:\Program Files\Mozilla Firefox\browser\features\formautofill@mozilla.org.xpi
1520847028810	addons.xpi	INFO	Mapping onboarding@mozilla.org to C:\Program Files\Mozilla Firefox\browser\features\onboarding@mozilla.org.xpi
1520847028810	addons.xpi	INFO	Mapping screenshots@mozilla.org to C:\Program Files\Mozilla Firefox\browser\features\screenshots@mozilla.org.xpi
1520847028810	addons.xpi	INFO	Mapping shield-recipe-client@mozilla.org to C:\Program Files\Mozilla Firefox\browser\features\shield-recipe-client@mozilla.org.xpi
1520847028810	addons.xpi	INFO	Mapping webcompat@mozilla.org to C:\Program Files\Mozilla Firefox\browser\features\webcompat@mozilla.org.xpi
1520847028810	addons.xpi	DEBUG	Existing add-on activity-stream@mozilla.org in app-system-defaults
1520847028810	addons.xpi	DEBUG	Existing add-on aushelper@mozilla.org in app-system-defaults
1520847028811	addons.xpi	DEBUG	Existing add-on firefox@getpocket.com in app-system-defaults
1520847028811	addons.xpi	DEBUG	Existing add-on followonsearch@mozilla.com in app-system-defaults
1520847028811	addons.xpi	DEBUG	Existing add-on formautofill@mozilla.org in app-system-defaults
1520847028811	addons.xpi	DEBUG	Existing add-on onboarding@mozilla.org in app-system-defaults
1520847028812	addons.xpi	DEBUG	Existing add-on screenshots@mozilla.org in app-system-defaults
1520847028812	addons.xpi	DEBUG	Existing add-on shield-recipe-client@mozilla.org in app-system-defaults
1520847028812	addons.xpi	DEBUG	Existing add-on webcompat@mozilla.org in app-system-defaults
1520847028813	addons.xpi	INFO	Mapping {972ce4c6-7e08-4474-a285-3208198ce6fd} to C:\Program Files\Mozilla Firefox\browser\extensions\{972ce4c6-7e08-4474-a285-3208198ce6fd}.xpi
1520847028813	addons.xpi	DEBUG	Existing add-on {972ce4c6-7e08-4474-a285-3208198ce6fd} in app-global
1520847028813	addons.xpi	DEBUG	getInstallState changed: false, state: {}

Build info: version: '2.53.0', revision: '35ae25b', time: '2016-03-15 16:57:40'
System info: host: 'ASEN-L-Rahul', ip: '172.29.241.191', os.name: 'Windows 10', os.arch: 'amd64', os.version: '10.0', java.version: '1.8.0_144'
Driver info: driver.version: FirefoxDriver]]>
            </message>
            <full-stacktrace>
              <![CDATA[org.openqa.selenium.WebDriverException: Failed to connect to binary FirefoxBinary(C:\Program Files\Mozilla Firefox\firefox.exe) on port 7055; process output follows: 
stering shutdown blocker for LightweightThemeManager
1520847024931	addons.manager	DEBUG	Provider finished startup: LightweightThemeManager
1520847024932	addons.manager	DEBUG	Starting provider: GMPProvider
1520847024935	addons.manager	DEBUG	Registering shutdown blocker for GMPProvider
1520847024935	addons.manager	DEBUG	Provider finished startup: GMPProvider
1520847024935	addons.manager	DEBUG	Starting provider: PluginProvider
1520847024935	addons.manager	DEBUG	Registering shutdown blocker for PluginProvider
1520847024936	addons.manager	DEBUG	Provider finished startup: PluginProvider
1520847024936	addons.manager	DEBUG	Completed startup sequence
1520847026545	addons.repository	DEBUG	No addons.json found.
1520847026569	addons.manager	DEBUG	Starting provider: PreviousExperimentProvider
1520847026569	addons.manager	DEBUG	Registering shutdown blocker for PreviousExperimentProvider
1520847026569	addons.manager	DEBUG	Provider finished startup: PreviousExperimentProvider
1520847027704	addons.xpi-utils	DEBUG	XPI Database saved, setting schema version preference to 23
1520847028808	addons.xpi	INFO	Mapping fxdriver@googlecode.com to C:\Users\rahul.pawar\AppData\Local\Temp\anonymous8023028987088340916webdriver-profile\extensions\fxdriver@googlecode.com
1520847028808	addons.xpi	DEBUG	Ignoring file entry whose name is not a valid add-on ID: C:\Users\rahul.pawar\AppData\Local\Temp\anonymous8023028987088340916webdriver-profile\extensions\webdriver-staging
1520847028809	addons.xpi	DEBUG	Existing add-on fxdriver@googlecode.com in app-profile
1520847028809	addons.xpi	INFO	Mapping activity-stream@mozilla.org to C:\Program Files\Mozilla Firefox\browser\features\activity-stream@mozilla.org.xpi
1520847028809	addons.xpi	INFO	Mapping aushelper@mozilla.org to C:\Program Files\Mozilla Firefox\browser\features\aushelper@mozilla.org.xpi
1520847028809	addons.xpi	INFO	Mapping firefox@getpocket.com to C:\Program Files\Mozilla Firefox\browser\features\firefox@getpocket.com.xpi
1520847028809	addons.xpi	INFO	Mapping followonsearch@mozilla.com to C:\Program Files\Mozilla Firefox\browser\features\followonsearch@mozilla.com.xpi
1520847028809	addons.xpi	INFO	Mapping formautofill@mozilla.org to C:\Program Files\Mozilla Firefox\browser\features\formautofill@mozilla.org.xpi
1520847028810	addons.xpi	INFO	Mapping onboarding@mozilla.org to C:\Program Files\Mozilla Firefox\browser\features\onboarding@mozilla.org.xpi
1520847028810	addons.xpi	INFO	Mapping screenshots@mozilla.org to C:\Program Files\Mozilla Firefox\browser\features\screenshots@mozilla.org.xpi
1520847028810	addons.xpi	INFO	Mapping shield-recipe-client@mozilla.org to C:\Program Files\Mozilla Firefox\browser\features\shield-recipe-client@mozilla.org.xpi
1520847028810	addons.xpi	INFO	Mapping webcompat@mozilla.org to C:\Program Files\Mozilla Firefox\browser\features\webcompat@mozilla.org.xpi
1520847028810	addons.xpi	DEBUG	Existing add-on activity-stream@mozilla.org in app-system-defaults
1520847028810	addons.xpi	DEBUG	Existing add-on aushelper@mozilla.org in app-system-defaults
1520847028811	addons.xpi	DEBUG	Existing add-on firefox@getpocket.com in app-system-defaults
1520847028811	addons.xpi	DEBUG	Existing add-on followonsearch@mozilla.com in app-system-defaults
1520847028811	addons.xpi	DEBUG	Existing add-on formautofill@mozilla.org in app-system-defaults
1520847028811	addons.xpi	DEBUG	Existing add-on onboarding@mozilla.org in app-system-defaults
1520847028812	addons.xpi	DEBUG	Existing add-on screenshots@mozilla.org in app-system-defaults
1520847028812	addons.xpi	DEBUG	Existing add-on shield-recipe-client@mozilla.org in app-system-defaults
1520847028812	addons.xpi	DEBUG	Existing add-on webcompat@mozilla.org in app-system-defaults
1520847028813	addons.xpi	INFO	Mapping {972ce4c6-7e08-4474-a285-3208198ce6fd} to C:\Program Files\Mozilla Firefox\browser\extensions\{972ce4c6-7e08-4474-a285-3208198ce6fd}.xpi
1520847028813	addons.xpi	DEBUG	Existing add-on {972ce4c6-7e08-4474-a285-3208198ce6fd} in app-global
1520847028813	addons.xpi	DEBUG	getInstallState changed: false, state: {}

Build info: version: '2.53.0', revision: '35ae25b', time: '2016-03-15 16:57:40'
System info: host: 'ASEN-L-Rahul', ip: '172.29.241.191', os.name: 'Windows 10', os.arch: 'amd64', os.version: '10.0', java.version: '1.8.0_144'
Driver info: driver.version: FirefoxDriver
	at org.openqa.selenium.firefox.internal.NewProfileExtensionConnection.start(NewProfileExtensionConnection.java:124)
	at org.openqa.selenium.firefox.FirefoxDriver.startClient(FirefoxDriver.java:271)
	at org.openqa.selenium.remote.RemoteWebDriver.<init>(RemoteWebDriver.java:119)
	at org.openqa.selenium.firefox.FirefoxDriver.<init>(FirefoxDriver.java:218)
	at org.openqa.selenium.firefox.FirefoxDriver.<init>(FirefoxDriver.java:211)
	at org.openqa.selenium.firefox.FirefoxDriver.<init>(FirefoxDriver.java:207)
	at org.openqa.selenium.firefox.FirefoxDriver.<init>(FirefoxDriver.java:120)
	at pkg_ACAMS.AdditionalStories.setUp(AdditionalStories.java:16)
	at sun.reflect.NativeMethodAccessorImpl.invoke0(Native Method)
	at sun.reflect.NativeMethodAccessorImpl.invoke(Unknown Source)
	at sun.reflect.DelegatingMethodAccessorImpl.invoke(Unknown Source)
	at java.lang.reflect.Method.invoke(Unknown Source)
	at org.testng.internal.MethodInvocationHelper.invokeMethod(MethodInvocationHelper.java:104)
	at org.testng.internal.Invoker.invokeConfigurationMethod(Invoker.java:515)
	at org.testng.internal.Invoker.invokeConfigurations(Invoker.java:217)
	at org.testng.internal.Invoker.invokeConfigurations(Invoker.java:144)
	at org.testng.internal.TestMethodWorker.invokeBeforeClassMethods(TestMethodWorker.java:169)
	at org.testng.internal.TestMethodWorker.run(TestMethodWorker.java:108)
	at org.testng.TestRunner.privateRun(TestRunner.java:756)
	at org.testng.TestRunner.run(TestRunner.java:610)
	at org.testng.SuiteRunner.runTest(SuiteRunner.java:387)
	at org.testng.SuiteRunner.runSequentially(SuiteRunner.java:382)
	at org.testng.SuiteRunner.privateRun(SuiteRunner.java:340)
	at org.testng.SuiteRunner.run(SuiteRunner.java:289)
	at org.testng.SuiteRunnerWorker.runSuite(SuiteRunnerWorker.java:52)
	at org.testng.SuiteRunnerWorker.run(SuiteRunnerWorker.java:86)
	at org.testng.TestNG.runSuitesSequentially(TestNG.java:1293)
	at org.testng.TestNG.runSuitesLocally(TestNG.java:1218)
	at org.testng.TestNG.runSuites(TestNG.java:1133)
	at org.testng.TestNG.run(TestNG.java:1104)
	at org.testng.remote.AbstractRemoteTestNG.run(AbstractRemoteTestNG.java:132)
	at org.testng.remote.RemoteTestNG.initAndRun(RemoteTestNG.java:236)
	at org.testng.remote.RemoteTestNG.main(RemoteTestNG.java:81)
Caused by: org.openqa.selenium.firefox.NotConnectedException: Unable to connect to host 127.0.0.1 on port 7055 after 45000 ms. Firefox console output:
stering shutdown blocker for LightweightThemeManager
1520847024931	addons.manager	DEBUG	Provider finished startup: LightweightThemeManager
1520847024932	addons.manager	DEBUG	Starting provider: GMPProvider
1520847024935	addons.manager	DEBUG	Registering shutdown blocker for GMPProvider
1520847024935	addons.manager	DEBUG	Provider finished startup: GMPProvider
1520847024935	addons.manager	DEBUG	Starting provider: PluginProvider
1520847024935	addons.manager	DEBUG	Registering shutdown blocker for PluginProvider
1520847024936	addons.manager	DEBUG	Provider finished startup: PluginProvider
1520847024936	addons.manager	DEBUG	Completed startup sequence
1520847026545	addons.repository	DEBUG	No addons.json found.
1520847026569	addons.manager	DEBUG	Starting provider: PreviousExperimentProvider
1520847026569	addons.manager	DEBUG	Registering shutdown blocker for PreviousExperimentProvider
1520847026569	addons.manager	DEBUG	Provider finished startup: PreviousExperimentProvider
1520847027704	addons.xpi-utils	DEBUG	XPI Database saved, setting schema version preference to 23
1520847028808	addons.xpi	INFO	Mapping fxdriver@googlecode.com to C:\Users\rahul.pawar\AppData\Local\Temp\anonymous8023028987088340916webdriver-profile\extensions\fxdriver@googlecode.com
1520847028808	addons.xpi	DEBUG	Ignoring file entry whose name is not a valid add-on ID: C:\Users\rahul.pawar\AppData\Local\Temp\anonymous8023028987088340916webdriver-profile\extensions\webdriver-staging
1520847028809	addons.xpi	DEBUG	Existing add-on fxdriver@googlecode.com in app-profile
1520847028809	addons.xpi	INFO	Mapping activity-stream@mozilla.org to C:\Program Files\Mozilla Firefox\browser\features\activity-stream@mozilla.org.xpi
1520847028809	addons.xpi	INFO	Mapping aushelper@mozilla.org to C:\Program Files\Mozilla Firefox\browser\features\aushelper@mozilla.org.xpi
1520847028809	addons.xpi	INFO	Mapping firefox@getpocket.com to C:\Program Files\Mozilla Firefox\browser\features\firefox@getpocket.com.xpi
1520847028809	addons.xpi	INFO	Mapping followonsearch@mozilla.com to C:\Program Files\Mozilla Firefox\browser\features\followonsearch@mozilla.com.xpi
1520847028809	addons.xpi	INFO	Mapping formautofill@mozilla.org to C:\Program Files\Mozilla Firefox\browser\features\formautofill@mozilla.org.xpi
1520847028810	addons.xpi	INFO	Mapping onboarding@mozilla.org to C:\Program Files\Mozilla Firefox\browser\features\onboarding@mozilla.org.xpi
1520847028810	addons.xpi	INFO	Mapping screenshots@mozilla.org to C:\Program Files\Mozilla Firefox\browser\features\screenshots@mozilla.org.xpi
1520847028810	addons.xpi	INFO	Mapping shield-recipe-client@mozilla.org to C:\Program Files\Mozilla Firefox\browser\features\shield-recipe-client@mozilla.org.xpi
1520847028810	addons.xpi	INFO	Mapping webcompat@mozilla.org to C:\Program Files\Mozilla Firefox\browser\features\webcompat@mozilla.org.xpi
1520847028810	addons.xpi	DEBUG	Existing add-on activity-stream@mozilla.org in app-system-defaults
1520847028810	addons.xpi	DEBUG	Existing add-on aushelper@mozilla.org in app-system-defaults
1520847028811	addons.xpi	DEBUG	Existing add-on firefox@getpocket.com in app-system-defaults
1520847028811	addons.xpi	DEBUG	Existing add-on followonsearch@mozilla.com in app-system-defaults
1520847028811	addons.xpi	DEBUG	Existing add-on formautofill@mozilla.org in app-system-defaults
1520847028811	addons.xpi	DEBUG	Existing add-on onboarding@mozilla.org in app-system-defaults
1520847028812	addons.xpi	DEBUG	Existing add-on screenshots@mozilla.org in app-system-defaults
1520847028812	addons.xpi	DEBUG	Existing add-on shield-recipe-client@mozilla.org in app-system-defaults
1520847028812	addons.xpi	DEBUG	Existing add-on webcompat@mozilla.org in app-system-defaults
1520847028813	addons.xpi	INFO	Mapping {972ce4c6-7e08-4474-a285-3208198ce6fd} to C:\Program Files\Mozilla Firefox\browser\extensions\{972ce4c6-7e08-4474-a285-3208198ce6fd}.xpi
1520847028813	addons.xpi	DEBUG	Existing add-on {972ce4c6-7e08-4474-a285-3208198ce6fd} in app-global
1520847028813	addons.xpi	DEBUG	getInstallState changed: false, state: {}

	at org.openqa.selenium.firefox.internal.NewProfileExtensionConnection.start(NewProfileExtensionConnection.java:112)
	... 32 more
]]>
            </full-stacktrace>
          </exception> <!-- org.openqa.selenium.WebDriverException -->
          <reporter-output>
          </reporter-output>
        </test-method> <!-- FirefoxAdditionalStories -->
        <test-method status="SKIP" signature="ChromeAdditionalStories()[pri:1, instance:pkg_ACAMS.AdditionalStories@39aeed2f]" name="ChromeAdditionalStories" duration-ms="2" started-at="2018-03-12T15:01:09Z" finished-at="2018-03-12T15:01:09Z">
          <exception class="org.openqa.selenium.WebDriverException">
            <message>
              <![CDATA[Failed to connect to binary FirefoxBinary(C:\Program Files\Mozilla Firefox\firefox.exe) on port 7055; process output follows: 
stering shutdown blocker for LightweightThemeManager
1520847024931	addons.manager	DEBUG	Provider finished startup: LightweightThemeManager
1520847024932	addons.manager	DEBUG	Starting provider: GMPProvider
1520847024935	addons.manager	DEBUG	Registering shutdown blocker for GMPProvider
1520847024935	addons.manager	DEBUG	Provider finished startup: GMPProvider
1520847024935	addons.manager	DEBUG	Starting provider: PluginProvider
1520847024935	addons.manager	DEBUG	Registering shutdown blocker for PluginProvider
1520847024936	addons.manager	DEBUG	Provider finished startup: PluginProvider
1520847024936	addons.manager	DEBUG	Completed startup sequence
1520847026545	addons.repository	DEBUG	No addons.json found.
1520847026569	addons.manager	DEBUG	Starting provider: PreviousExperimentProvider
1520847026569	addons.manager	DEBUG	Registering shutdown blocker for PreviousExperimentProvider
1520847026569	addons.manager	DEBUG	Provider finished startup: PreviousExperimentProvider
1520847027704	addons.xpi-utils	DEBUG	XPI Database saved, setting schema version preference to 23
1520847028808	addons.xpi	INFO	Mapping fxdriver@googlecode.com to C:\Users\rahul.pawar\AppData\Local\Temp\anonymous8023028987088340916webdriver-profile\extensions\fxdriver@googlecode.com
1520847028808	addons.xpi	DEBUG	Ignoring file entry whose name is not a valid add-on ID: C:\Users\rahul.pawar\AppData\Local\Temp\anonymous8023028987088340916webdriver-profile\extensions\webdriver-staging
1520847028809	addons.xpi	DEBUG	Existing add-on fxdriver@googlecode.com in app-profile
1520847028809	addons.xpi	INFO	Mapping activity-stream@mozilla.org to C:\Program Files\Mozilla Firefox\browser\features\activity-stream@mozilla.org.xpi
1520847028809	addons.xpi	INFO	Mapping aushelper@mozilla.org to C:\Program Files\Mozilla Firefox\browser\features\aushelper@mozilla.org.xpi
1520847028809	addons.xpi	INFO	Mapping firefox@getpocket.com to C:\Program Files\Mozilla Firefox\browser\features\firefox@getpocket.com.xpi
1520847028809	addons.xpi	INFO	Mapping followonsearch@mozilla.com to C:\Program Files\Mozilla Firefox\browser\features\followonsearch@mozilla.com.xpi
1520847028809	addons.xpi	INFO	Mapping formautofill@mozilla.org to C:\Program Files\Mozilla Firefox\browser\features\formautofill@mozilla.org.xpi
1520847028810	addons.xpi	INFO	Mapping onboarding@mozilla.org to C:\Program Files\Mozilla Firefox\browser\features\onboarding@mozilla.org.xpi
1520847028810	addons.xpi	INFO	Mapping screenshots@mozilla.org to C:\Program Files\Mozilla Firefox\browser\features\screenshots@mozilla.org.xpi
1520847028810	addons.xpi	INFO	Mapping shield-recipe-client@mozilla.org to C:\Program Files\Mozilla Firefox\browser\features\shield-recipe-client@mozilla.org.xpi
1520847028810	addons.xpi	INFO	Mapping webcompat@mozilla.org to C:\Program Files\Mozilla Firefox\browser\features\webcompat@mozilla.org.xpi
1520847028810	addons.xpi	DEBUG	Existing add-on activity-stream@mozilla.org in app-system-defaults
1520847028810	addons.xpi	DEBUG	Existing add-on aushelper@mozilla.org in app-system-defaults
1520847028811	addons.xpi	DEBUG	Existing add-on firefox@getpocket.com in app-system-defaults
1520847028811	addons.xpi	DEBUG	Existing add-on followonsearch@mozilla.com in app-system-defaults
1520847028811	addons.xpi	DEBUG	Existing add-on formautofill@mozilla.org in app-system-defaults
1520847028811	addons.xpi	DEBUG	Existing add-on onboarding@mozilla.org in app-system-defaults
1520847028812	addons.xpi	DEBUG	Existing add-on screenshots@mozilla.org in app-system-defaults
1520847028812	addons.xpi	DEBUG	Existing add-on shield-recipe-client@mozilla.org in app-system-defaults
1520847028812	addons.xpi	DEBUG	Existing add-on webcompat@mozilla.org in app-system-defaults
1520847028813	addons.xpi	INFO	Mapping {972ce4c6-7e08-4474-a285-3208198ce6fd} to C:\Program Files\Mozilla Firefox\browser\extensions\{972ce4c6-7e08-4474-a285-3208198ce6fd}.xpi
1520847028813	addons.xpi	DEBUG	Existing add-on {972ce4c6-7e08-4474-a285-3208198ce6fd} in app-global
1520847028813	addons.xpi	DEBUG	getInstallState changed: false, state: {}

Build info: version: '2.53.0', revision: '35ae25b', time: '2016-03-15 16:57:40'
System info: host: 'ASEN-L-Rahul', ip: '172.29.241.191', os.name: 'Windows 10', os.arch: 'amd64', os.version: '10.0', java.version: '1.8.0_144'
Driver info: driver.version: FirefoxDriver]]>
            </message>
            <full-stacktrace>
              <![CDATA[org.openqa.selenium.WebDriverException: Failed to connect to binary FirefoxBinary(C:\Program Files\Mozilla Firefox\firefox.exe) on port 7055; process output follows: 
stering shutdown blocker for LightweightThemeManager
1520847024931	addons.manager	DEBUG	Provider finished startup: LightweightThemeManager
1520847024932	addons.manager	DEBUG	Starting provider: GMPProvider
1520847024935	addons.manager	DEBUG	Registering shutdown blocker for GMPProvider
1520847024935	addons.manager	DEBUG	Provider finished startup: GMPProvider
1520847024935	addons.manager	DEBUG	Starting provider: PluginProvider
1520847024935	addons.manager	DEBUG	Registering shutdown blocker for PluginProvider
1520847024936	addons.manager	DEBUG	Provider finished startup: PluginProvider
1520847024936	addons.manager	DEBUG	Completed startup sequence
1520847026545	addons.repository	DEBUG	No addons.json found.
1520847026569	addons.manager	DEBUG	Starting provider: PreviousExperimentProvider
1520847026569	addons.manager	DEBUG	Registering shutdown blocker for PreviousExperimentProvider
1520847026569	addons.manager	DEBUG	Provider finished startup: PreviousExperimentProvider
1520847027704	addons.xpi-utils	DEBUG	XPI Database saved, setting schema version preference to 23
1520847028808	addons.xpi	INFO	Mapping fxdriver@googlecode.com to C:\Users\rahul.pawar\AppData\Local\Temp\anonymous8023028987088340916webdriver-profile\extensions\fxdriver@googlecode.com
1520847028808	addons.xpi	DEBUG	Ignoring file entry whose name is not a valid add-on ID: C:\Users\rahul.pawar\AppData\Local\Temp\anonymous8023028987088340916webdriver-profile\extensions\webdriver-staging
1520847028809	addons.xpi	DEBUG	Existing add-on fxdriver@googlecode.com in app-profile
1520847028809	addons.xpi	INFO	Mapping activity-stream@mozilla.org to C:\Program Files\Mozilla Firefox\browser\features\activity-stream@mozilla.org.xpi
1520847028809	addons.xpi	INFO	Mapping aushelper@mozilla.org to C:\Program Files\Mozilla Firefox\browser\features\aushelper@mozilla.org.xpi
1520847028809	addons.xpi	INFO	Mapping firefox@getpocket.com to C:\Program Files\Mozilla Firefox\browser\features\firefox@getpocket.com.xpi
1520847028809	addons.xpi	INFO	Mapping followonsearch@mozilla.com to C:\Program Files\Mozilla Firefox\browser\features\followonsearch@mozilla.com.xpi
1520847028809	addons.xpi	INFO	Mapping formautofill@mozilla.org to C:\Program Files\Mozilla Firefox\browser\features\formautofill@mozilla.org.xpi
1520847028810	addons.xpi	INFO	Mapping onboarding@mozilla.org to C:\Program Files\Mozilla Firefox\browser\features\onboarding@mozilla.org.xpi
1520847028810	addons.xpi	INFO	Mapping screenshots@mozilla.org to C:\Program Files\Mozilla Firefox\browser\features\screenshots@mozilla.org.xpi
1520847028810	addons.xpi	INFO	Mapping shield-recipe-client@mozilla.org to C:\Program Files\Mozilla Firefox\browser\features\shield-recipe-client@mozilla.org.xpi
1520847028810	addons.xpi	INFO	Mapping webcompat@mozilla.org to C:\Program Files\Mozilla Firefox\browser\features\webcompat@mozilla.org.xpi
1520847028810	addons.xpi	DEBUG	Existing add-on activity-stream@mozilla.org in app-system-defaults
1520847028810	addons.xpi	DEBUG	Existing add-on aushelper@mozilla.org in app-system-defaults
1520847028811	addons.xpi	DEBUG	Existing add-on firefox@getpocket.com in app-system-defaults
1520847028811	addons.xpi	DEBUG	Existing add-on followonsearch@mozilla.com in app-system-defaults
1520847028811	addons.xpi	DEBUG	Existing add-on formautofill@mozilla.org in app-system-defaults
1520847028811	addons.xpi	DEBUG	Existing add-on onboarding@mozilla.org in app-system-defaults
1520847028812	addons.xpi	DEBUG	Existing add-on screenshots@mozilla.org in app-system-defaults
1520847028812	addons.xpi	DEBUG	Existing add-on shield-recipe-client@mozilla.org in app-system-defaults
1520847028812	addons.xpi	DEBUG	Existing add-on webcompat@mozilla.org in app-system-defaults
1520847028813	addons.xpi	INFO	Mapping {972ce4c6-7e08-4474-a285-3208198ce6fd} to C:\Program Files\Mozilla Firefox\browser\extensions\{972ce4c6-7e08-4474-a285-3208198ce6fd}.xpi
1520847028813	addons.xpi	DEBUG	Existing add-on {972ce4c6-7e08-4474-a285-3208198ce6fd} in app-global
1520847028813	addons.xpi	DEBUG	getInstallState changed: false, state: {}

Build info: version: '2.53.0', revision: '35ae25b', time: '2016-03-15 16:57:40'
System info: host: 'ASEN-L-Rahul', ip: '172.29.241.191', os.name: 'Windows 10', os.arch: 'amd64', os.version: '10.0', java.version: '1.8.0_144'
Driver info: driver.version: FirefoxDriver
	at org.openqa.selenium.firefox.internal.NewProfileExtensionConnection.start(NewProfileExtensionConnection.java:124)
	at org.openqa.selenium.firefox.FirefoxDriver.startClient(FirefoxDriver.java:271)
	at org.openqa.selenium.remote.RemoteWebDriver.<init>(RemoteWebDriver.java:119)
	at org.openqa.selenium.firefox.FirefoxDriver.<init>(FirefoxDriver.java:218)
	at org.openqa.selenium.firefox.FirefoxDriver.<init>(FirefoxDriver.java:211)
	at org.openqa.selenium.firefox.FirefoxDriver.<init>(FirefoxDriver.java:207)
	at org.openqa.selenium.firefox.FirefoxDriver.<init>(FirefoxDriver.java:120)
	at pkg_ACAMS.AdditionalStories.setUp(AdditionalStories.java:16)
	at sun.reflect.NativeMethodAccessorImpl.invoke0(Native Method)
	at sun.reflect.NativeMethodAccessorImpl.invoke(Unknown Source)
	at sun.reflect.DelegatingMethodAccessorImpl.invoke(Unknown Source)
	at java.lang.reflect.Method.invoke(Unknown Source)
	at org.testng.internal.MethodInvocationHelper.invokeMethod(MethodInvocationHelper.java:104)
	at org.testng.internal.Invoker.invokeConfigurationMethod(Invoker.java:515)
	at org.testng.internal.Invoker.invokeConfigurations(Invoker.java:217)
	at org.testng.internal.Invoker.invokeConfigurations(Invoker.java:144)
	at org.testng.internal.TestMethodWorker.invokeBeforeClassMethods(TestMethodWorker.java:169)
	at org.testng.internal.TestMethodWorker.run(TestMethodWorker.java:108)
	at org.testng.TestRunner.privateRun(TestRunner.java:756)
	at org.testng.TestRunner.run(TestRunner.java:610)
	at org.testng.SuiteRunner.runTest(SuiteRunner.java:387)
	at org.testng.SuiteRunner.runSequentially(SuiteRunner.java:382)
	at org.testng.SuiteRunner.privateRun(SuiteRunner.java:340)
	at org.testng.SuiteRunner.run(SuiteRunner.java:289)
	at org.testng.SuiteRunnerWorker.runSuite(SuiteRunnerWorker.java:52)
	at org.testng.SuiteRunnerWorker.run(SuiteRunnerWorker.java:86)
	at org.testng.TestNG.runSuitesSequentially(TestNG.java:1293)
	at org.testng.TestNG.runSuitesLocally(TestNG.java:1218)
	at org.testng.TestNG.runSuites(TestNG.java:1133)
	at org.testng.TestNG.run(TestNG.java:1104)
	at org.testng.remote.AbstractRemoteTestNG.run(AbstractRemoteTestNG.java:132)
	at org.testng.remote.RemoteTestNG.initAndRun(RemoteTestNG.java:236)
	at org.testng.remote.RemoteTestNG.main(RemoteTestNG.java:81)
Caused by: org.openqa.selenium.firefox.NotConnectedException: Unable to connect to host 127.0.0.1 on port 7055 after 45000 ms. Firefox console output:
stering shutdown blocker for LightweightThemeManager
1520847024931	addons.manager	DEBUG	Provider finished startup: LightweightThemeManager
1520847024932	addons.manager	DEBUG	Starting provider: GMPProvider
1520847024935	addons.manager	DEBUG	Registering shutdown blocker for GMPProvider
1520847024935	addons.manager	DEBUG	Provider finished startup: GMPProvider
1520847024935	addons.manager	DEBUG	Starting provider: PluginProvider
1520847024935	addons.manager	DEBUG	Registering shutdown blocker for PluginProvider
1520847024936	addons.manager	DEBUG	Provider finished startup: PluginProvider
1520847024936	addons.manager	DEBUG	Completed startup sequence
1520847026545	addons.repository	DEBUG	No addons.json found.
1520847026569	addons.manager	DEBUG	Starting provider: PreviousExperimentProvider
1520847026569	addons.manager	DEBUG	Registering shutdown blocker for PreviousExperimentProvider
1520847026569	addons.manager	DEBUG	Provider finished startup: PreviousExperimentProvider
1520847027704	addons.xpi-utils	DEBUG	XPI Database saved, setting schema version preference to 23
1520847028808	addons.xpi	INFO	Mapping fxdriver@googlecode.com to C:\Users\rahul.pawar\AppData\Local\Temp\anonymous8023028987088340916webdriver-profile\extensions\fxdriver@googlecode.com
1520847028808	addons.xpi	DEBUG	Ignoring file entry whose name is not a valid add-on ID: C:\Users\rahul.pawar\AppData\Local\Temp\anonymous8023028987088340916webdriver-profile\extensions\webdriver-staging
1520847028809	addons.xpi	DEBUG	Existing add-on fxdriver@googlecode.com in app-profile
1520847028809	addons.xpi	INFO	Mapping activity-stream@mozilla.org to C:\Program Files\Mozilla Firefox\browser\features\activity-stream@mozilla.org.xpi
1520847028809	addons.xpi	INFO	Mapping aushelper@mozilla.org to C:\Program Files\Mozilla Firefox\browser\features\aushelper@mozilla.org.xpi
1520847028809	addons.xpi	INFO	Mapping firefox@getpocket.com to C:\Program Files\Mozilla Firefox\browser\features\firefox@getpocket.com.xpi
1520847028809	addons.xpi	INFO	Mapping followonsearch@mozilla.com to C:\Program Files\Mozilla Firefox\browser\features\followonsearch@mozilla.com.xpi
1520847028809	addons.xpi	INFO	Mapping formautofill@mozilla.org to C:\Program Files\Mozilla Firefox\browser\features\formautofill@mozilla.org.xpi
1520847028810	addons.xpi	INFO	Mapping onboarding@mozilla.org to C:\Program Files\Mozilla Firefox\browser\features\onboarding@mozilla.org.xpi
1520847028810	addons.xpi	INFO	Mapping screenshots@mozilla.org to C:\Program Files\Mozilla Firefox\browser\features\screenshots@mozilla.org.xpi
1520847028810	addons.xpi	INFO	Mapping shield-recipe-client@mozilla.org to C:\Program Files\Mozilla Firefox\browser\features\shield-recipe-client@mozilla.org.xpi
1520847028810	addons.xpi	INFO	Mapping webcompat@mozilla.org to C:\Program Files\Mozilla Firefox\browser\features\webcompat@mozilla.org.xpi
1520847028810	addons.xpi	DEBUG	Existing add-on activity-stream@mozilla.org in app-system-defaults
1520847028810	addons.xpi	DEBUG	Existing add-on aushelper@mozilla.org in app-system-defaults
1520847028811	addons.xpi	DEBUG	Existing add-on firefox@getpocket.com in app-system-defaults
1520847028811	addons.xpi	DEBUG	Existing add-on followonsearch@mozilla.com in app-system-defaults
1520847028811	addons.xpi	DEBUG	Existing add-on formautofill@mozilla.org in app-system-defaults
1520847028811	addons.xpi	DEBUG	Existing add-on onboarding@mozilla.org in app-system-defaults
1520847028812	addons.xpi	DEBUG	Existing add-on screenshots@mozilla.org in app-system-defaults
1520847028812	addons.xpi	DEBUG	Existing add-on shield-recipe-client@mozilla.org in app-system-defaults
1520847028812	addons.xpi	DEBUG	Existing add-on webcompat@mozilla.org in app-system-defaults
1520847028813	addons.xpi	INFO	Mapping {972ce4c6-7e08-4474-a285-3208198ce6fd} to C:\Program Files\Mozilla Firefox\browser\extensions\{972ce4c6-7e08-4474-a285-3208198ce6fd}.xpi
1520847028813	addons.xpi	DEBUG	Existing add-on {972ce4c6-7e08-4474-a285-3208198ce6fd} in app-global
1520847028813	addons.xpi	DEBUG	getInstallState changed: false, state: {}

	at org.openqa.selenium.firefox.internal.NewProfileExtensionConnection.start(NewProfileExtensionConnection.java:112)
	... 32 more
]]>
            </full-stacktrace>
          </exception> <!-- org.openqa.selenium.WebDriverException -->
          <reporter-output>
          </reporter-output>
        </test-method> <!-- ChromeAdditionalStories -->
        <test-method status="SKIP" signature="IEAddtionalStories()[pri:2, instance:pkg_ACAMS.AdditionalStories@39aeed2f]" name="IEAddtionalStories" duration-ms="1" started-at="2018-03-12T15:01:09Z" finished-at="2018-03-12T15:01:09Z">
          <exception class="org.openqa.selenium.WebDriverException">
            <message>
              <![CDATA[Failed to connect to binary FirefoxBinary(C:\Program Files\Mozilla Firefox\firefox.exe) on port 7055; process output follows: 
stering shutdown blocker for LightweightThemeManager
1520847024931	addons.manager	DEBUG	Provider finished startup: LightweightThemeManager
1520847024932	addons.manager	DEBUG	Starting provider: GMPProvider
1520847024935	addons.manager	DEBUG	Registering shutdown blocker for GMPProvider
1520847024935	addons.manager	DEBUG	Provider finished startup: GMPProvider
1520847024935	addons.manager	DEBUG	Starting provider: PluginProvider
1520847024935	addons.manager	DEBUG	Registering shutdown blocker for PluginProvider
1520847024936	addons.manager	DEBUG	Provider finished startup: PluginProvider
1520847024936	addons.manager	DEBUG	Completed startup sequence
1520847026545	addons.repository	DEBUG	No addons.json found.
1520847026569	addons.manager	DEBUG	Starting provider: PreviousExperimentProvider
1520847026569	addons.manager	DEBUG	Registering shutdown blocker for PreviousExperimentProvider
1520847026569	addons.manager	DEBUG	Provider finished startup: PreviousExperimentProvider
1520847027704	addons.xpi-utils	DEBUG	XPI Database saved, setting schema version preference to 23
1520847028808	addons.xpi	INFO	Mapping fxdriver@googlecode.com to C:\Users\rahul.pawar\AppData\Local\Temp\anonymous8023028987088340916webdriver-profile\extensions\fxdriver@googlecode.com
1520847028808	addons.xpi	DEBUG	Ignoring file entry whose name is not a valid add-on ID: C:\Users\rahul.pawar\AppData\Local\Temp\anonymous8023028987088340916webdriver-profile\extensions\webdriver-staging
1520847028809	addons.xpi	DEBUG	Existing add-on fxdriver@googlecode.com in app-profile
1520847028809	addons.xpi	INFO	Mapping activity-stream@mozilla.org to C:\Program Files\Mozilla Firefox\browser\features\activity-stream@mozilla.org.xpi
1520847028809	addons.xpi	INFO	Mapping aushelper@mozilla.org to C:\Program Files\Mozilla Firefox\browser\features\aushelper@mozilla.org.xpi
1520847028809	addons.xpi	INFO	Mapping firefox@getpocket.com to C:\Program Files\Mozilla Firefox\browser\features\firefox@getpocket.com.xpi
1520847028809	addons.xpi	INFO	Mapping followonsearch@mozilla.com to C:\Program Files\Mozilla Firefox\browser\features\followonsearch@mozilla.com.xpi
1520847028809	addons.xpi	INFO	Mapping formautofill@mozilla.org to C:\Program Files\Mozilla Firefox\browser\features\formautofill@mozilla.org.xpi
1520847028810	addons.xpi	INFO	Mapping onboarding@mozilla.org to C:\Program Files\Mozilla Firefox\browser\features\onboarding@mozilla.org.xpi
1520847028810	addons.xpi	INFO	Mapping screenshots@mozilla.org to C:\Program Files\Mozilla Firefox\browser\features\screenshots@mozilla.org.xpi
1520847028810	addons.xpi	INFO	Mapping shield-recipe-client@mozilla.org to C:\Program Files\Mozilla Firefox\browser\features\shield-recipe-client@mozilla.org.xpi
1520847028810	addons.xpi	INFO	Mapping webcompat@mozilla.org to C:\Program Files\Mozilla Firefox\browser\features\webcompat@mozilla.org.xpi
1520847028810	addons.xpi	DEBUG	Existing add-on activity-stream@mozilla.org in app-system-defaults
1520847028810	addons.xpi	DEBUG	Existing add-on aushelper@mozilla.org in app-system-defaults
1520847028811	addons.xpi	DEBUG	Existing add-on firefox@getpocket.com in app-system-defaults
1520847028811	addons.xpi	DEBUG	Existing add-on followonsearch@mozilla.com in app-system-defaults
1520847028811	addons.xpi	DEBUG	Existing add-on formautofill@mozilla.org in app-system-defaults
1520847028811	addons.xpi	DEBUG	Existing add-on onboarding@mozilla.org in app-system-defaults
1520847028812	addons.xpi	DEBUG	Existing add-on screenshots@mozilla.org in app-system-defaults
1520847028812	addons.xpi	DEBUG	Existing add-on shield-recipe-client@mozilla.org in app-system-defaults
1520847028812	addons.xpi	DEBUG	Existing add-on webcompat@mozilla.org in app-system-defaults
1520847028813	addons.xpi	INFO	Mapping {972ce4c6-7e08-4474-a285-3208198ce6fd} to C:\Program Files\Mozilla Firefox\browser\extensions\{972ce4c6-7e08-4474-a285-3208198ce6fd}.xpi
1520847028813	addons.xpi	DEBUG	Existing add-on {972ce4c6-7e08-4474-a285-3208198ce6fd} in app-global
1520847028813	addons.xpi	DEBUG	getInstallState changed: false, state: {}

Build info: version: '2.53.0', revision: '35ae25b', time: '2016-03-15 16:57:40'
System info: host: 'ASEN-L-Rahul', ip: '172.29.241.191', os.name: 'Windows 10', os.arch: 'amd64', os.version: '10.0', java.version: '1.8.0_144'
Driver info: driver.version: FirefoxDriver]]>
            </message>
            <full-stacktrace>
              <![CDATA[org.openqa.selenium.WebDriverException: Failed to connect to binary FirefoxBinary(C:\Program Files\Mozilla Firefox\firefox.exe) on port 7055; process output follows: 
stering shutdown blocker for LightweightThemeManager
1520847024931	addons.manager	DEBUG	Provider finished startup: LightweightThemeManager
1520847024932	addons.manager	DEBUG	Starting provider: GMPProvider
1520847024935	addons.manager	DEBUG	Registering shutdown blocker for GMPProvider
1520847024935	addons.manager	DEBUG	Provider finished startup: GMPProvider
1520847024935	addons.manager	DEBUG	Starting provider: PluginProvider
1520847024935	addons.manager	DEBUG	Registering shutdown blocker for PluginProvider
1520847024936	addons.manager	DEBUG	Provider finished startup: PluginProvider
1520847024936	addons.manager	DEBUG	Completed startup sequence
1520847026545	addons.repository	DEBUG	No addons.json found.
1520847026569	addons.manager	DEBUG	Starting provider: PreviousExperimentProvider
1520847026569	addons.manager	DEBUG	Registering shutdown blocker for PreviousExperimentProvider
1520847026569	addons.manager	DEBUG	Provider finished startup: PreviousExperimentProvider
1520847027704	addons.xpi-utils	DEBUG	XPI Database saved, setting schema version preference to 23
1520847028808	addons.xpi	INFO	Mapping fxdriver@googlecode.com to C:\Users\rahul.pawar\AppData\Local\Temp\anonymous8023028987088340916webdriver-profile\extensions\fxdriver@googlecode.com
1520847028808	addons.xpi	DEBUG	Ignoring file entry whose name is not a valid add-on ID: C:\Users\rahul.pawar\AppData\Local\Temp\anonymous8023028987088340916webdriver-profile\extensions\webdriver-staging
1520847028809	addons.xpi	DEBUG	Existing add-on fxdriver@googlecode.com in app-profile
1520847028809	addons.xpi	INFO	Mapping activity-stream@mozilla.org to C:\Program Files\Mozilla Firefox\browser\features\activity-stream@mozilla.org.xpi
1520847028809	addons.xpi	INFO	Mapping aushelper@mozilla.org to C:\Program Files\Mozilla Firefox\browser\features\aushelper@mozilla.org.xpi
1520847028809	addons.xpi	INFO	Mapping firefox@getpocket.com to C:\Program Files\Mozilla Firefox\browser\features\firefox@getpocket.com.xpi
1520847028809	addons.xpi	INFO	Mapping followonsearch@mozilla.com to C:\Program Files\Mozilla Firefox\browser\features\followonsearch@mozilla.com.xpi
1520847028809	addons.xpi	INFO	Mapping formautofill@mozilla.org to C:\Program Files\Mozilla Firefox\browser\features\formautofill@mozilla.org.xpi
1520847028810	addons.xpi	INFO	Mapping onboarding@mozilla.org to C:\Program Files\Mozilla Firefox\browser\features\onboarding@mozilla.org.xpi
1520847028810	addons.xpi	INFO	Mapping screenshots@mozilla.org to C:\Program Files\Mozilla Firefox\browser\features\screenshots@mozilla.org.xpi
1520847028810	addons.xpi	INFO	Mapping shield-recipe-client@mozilla.org to C:\Program Files\Mozilla Firefox\browser\features\shield-recipe-client@mozilla.org.xpi
1520847028810	addons.xpi	INFO	Mapping webcompat@mozilla.org to C:\Program Files\Mozilla Firefox\browser\features\webcompat@mozilla.org.xpi
1520847028810	addons.xpi	DEBUG	Existing add-on activity-stream@mozilla.org in app-system-defaults
1520847028810	addons.xpi	DEBUG	Existing add-on aushelper@mozilla.org in app-system-defaults
1520847028811	addons.xpi	DEBUG	Existing add-on firefox@getpocket.com in app-system-defaults
1520847028811	addons.xpi	DEBUG	Existing add-on followonsearch@mozilla.com in app-system-defaults
1520847028811	addons.xpi	DEBUG	Existing add-on formautofill@mozilla.org in app-system-defaults
1520847028811	addons.xpi	DEBUG	Existing add-on onboarding@mozilla.org in app-system-defaults
1520847028812	addons.xpi	DEBUG	Existing add-on screenshots@mozilla.org in app-system-defaults
1520847028812	addons.xpi	DEBUG	Existing add-on shield-recipe-client@mozilla.org in app-system-defaults
1520847028812	addons.xpi	DEBUG	Existing add-on webcompat@mozilla.org in app-system-defaults
1520847028813	addons.xpi	INFO	Mapping {972ce4c6-7e08-4474-a285-3208198ce6fd} to C:\Program Files\Mozilla Firefox\browser\extensions\{972ce4c6-7e08-4474-a285-3208198ce6fd}.xpi
1520847028813	addons.xpi	DEBUG	Existing add-on {972ce4c6-7e08-4474-a285-3208198ce6fd} in app-global
1520847028813	addons.xpi	DEBUG	getInstallState changed: false, state: {}

Build info: version: '2.53.0', revision: '35ae25b', time: '2016-03-15 16:57:40'
System info: host: 'ASEN-L-Rahul', ip: '172.29.241.191', os.name: 'Windows 10', os.arch: 'amd64', os.version: '10.0', java.version: '1.8.0_144'
Driver info: driver.version: FirefoxDriver
	at org.openqa.selenium.firefox.internal.NewProfileExtensionConnection.start(NewProfileExtensionConnection.java:124)
	at org.openqa.selenium.firefox.FirefoxDriver.startClient(FirefoxDriver.java:271)
	at org.openqa.selenium.remote.RemoteWebDriver.<init>(RemoteWebDriver.java:119)
	at org.openqa.selenium.firefox.FirefoxDriver.<init>(FirefoxDriver.java:218)
	at org.openqa.selenium.firefox.FirefoxDriver.<init>(FirefoxDriver.java:211)
	at org.openqa.selenium.firefox.FirefoxDriver.<init>(FirefoxDriver.java:207)
	at org.openqa.selenium.firefox.FirefoxDriver.<init>(FirefoxDriver.java:120)
	at pkg_ACAMS.AdditionalStories.setUp(AdditionalStories.java:16)
	at sun.reflect.NativeMethodAccessorImpl.invoke0(Native Method)
	at sun.reflect.NativeMethodAccessorImpl.invoke(Unknown Source)
	at sun.reflect.DelegatingMethodAccessorImpl.invoke(Unknown Source)
	at java.lang.reflect.Method.invoke(Unknown Source)
	at org.testng.internal.MethodInvocationHelper.invokeMethod(MethodInvocationHelper.java:104)
	at org.testng.internal.Invoker.invokeConfigurationMethod(Invoker.java:515)
	at org.testng.internal.Invoker.invokeConfigurations(Invoker.java:217)
	at org.testng.internal.Invoker.invokeConfigurations(Invoker.java:144)
	at org.testng.internal.TestMethodWorker.invokeBeforeClassMethods(TestMethodWorker.java:169)
	at org.testng.internal.TestMethodWorker.run(TestMethodWorker.java:108)
	at org.testng.TestRunner.privateRun(TestRunner.java:756)
	at org.testng.TestRunner.run(TestRunner.java:610)
	at org.testng.SuiteRunner.runTest(SuiteRunner.java:387)
	at org.testng.SuiteRunner.runSequentially(SuiteRunner.java:382)
	at org.testng.SuiteRunner.privateRun(SuiteRunner.java:340)
	at org.testng.SuiteRunner.run(SuiteRunner.java:289)
	at org.testng.SuiteRunnerWorker.runSuite(SuiteRunnerWorker.java:52)
	at org.testng.SuiteRunnerWorker.run(SuiteRunnerWorker.java:86)
	at org.testng.TestNG.runSuitesSequentially(TestNG.java:1293)
	at org.testng.TestNG.runSuitesLocally(TestNG.java:1218)
	at org.testng.TestNG.runSuites(TestNG.java:1133)
	at org.testng.TestNG.run(TestNG.java:1104)
	at org.testng.remote.AbstractRemoteTestNG.run(AbstractRemoteTestNG.java:132)
	at org.testng.remote.RemoteTestNG.initAndRun(RemoteTestNG.java:236)
	at org.testng.remote.RemoteTestNG.main(RemoteTestNG.java:81)
Caused by: org.openqa.selenium.firefox.NotConnectedException: Unable to connect to host 127.0.0.1 on port 7055 after 45000 ms. Firefox console output:
stering shutdown blocker for LightweightThemeManager
1520847024931	addons.manager	DEBUG	Provider finished startup: LightweightThemeManager
1520847024932	addons.manager	DEBUG	Starting provider: GMPProvider
1520847024935	addons.manager	DEBUG	Registering shutdown blocker for GMPProvider
1520847024935	addons.manager	DEBUG	Provider finished startup: GMPProvider
1520847024935	addons.manager	DEBUG	Starting provider: PluginProvider
1520847024935	addons.manager	DEBUG	Registering shutdown blocker for PluginProvider
1520847024936	addons.manager	DEBUG	Provider finished startup: PluginProvider
1520847024936	addons.manager	DEBUG	Completed startup sequence
1520847026545	addons.repository	DEBUG	No addons.json found.
1520847026569	addons.manager	DEBUG	Starting provider: PreviousExperimentProvider
1520847026569	addons.manager	DEBUG	Registering shutdown blocker for PreviousExperimentProvider
1520847026569	addons.manager	DEBUG	Provider finished startup: PreviousExperimentProvider
1520847027704	addons.xpi-utils	DEBUG	XPI Database saved, setting schema version preference to 23
1520847028808	addons.xpi	INFO	Mapping fxdriver@googlecode.com to C:\Users\rahul.pawar\AppData\Local\Temp\anonymous8023028987088340916webdriver-profile\extensions\fxdriver@googlecode.com
1520847028808	addons.xpi	DEBUG	Ignoring file entry whose name is not a valid add-on ID: C:\Users\rahul.pawar\AppData\Local\Temp\anonymous8023028987088340916webdriver-profile\extensions\webdriver-staging
1520847028809	addons.xpi	DEBUG	Existing add-on fxdriver@googlecode.com in app-profile
1520847028809	addons.xpi	INFO	Mapping activity-stream@mozilla.org to C:\Program Files\Mozilla Firefox\browser\features\activity-stream@mozilla.org.xpi
1520847028809	addons.xpi	INFO	Mapping aushelper@mozilla.org to C:\Program Files\Mozilla Firefox\browser\features\aushelper@mozilla.org.xpi
1520847028809	addons.xpi	INFO	Mapping firefox@getpocket.com to C:\Program Files\Mozilla Firefox\browser\features\firefox@getpocket.com.xpi
1520847028809	addons.xpi	INFO	Mapping followonsearch@mozilla.com to C:\Program Files\Mozilla Firefox\browser\features\followonsearch@mozilla.com.xpi
1520847028809	addons.xpi	INFO	Mapping formautofill@mozilla.org to C:\Program Files\Mozilla Firefox\browser\features\formautofill@mozilla.org.xpi
1520847028810	addons.xpi	INFO	Mapping onboarding@mozilla.org to C:\Program Files\Mozilla Firefox\browser\features\onboarding@mozilla.org.xpi
1520847028810	addons.xpi	INFO	Mapping screenshots@mozilla.org to C:\Program Files\Mozilla Firefox\browser\features\screenshots@mozilla.org.xpi
1520847028810	addons.xpi	INFO	Mapping shield-recipe-client@mozilla.org to C:\Program Files\Mozilla Firefox\browser\features\shield-recipe-client@mozilla.org.xpi
1520847028810	addons.xpi	INFO	Mapping webcompat@mozilla.org to C:\Program Files\Mozilla Firefox\browser\features\webcompat@mozilla.org.xpi
1520847028810	addons.xpi	DEBUG	Existing add-on activity-stream@mozilla.org in app-system-defaults
1520847028810	addons.xpi	DEBUG	Existing add-on aushelper@mozilla.org in app-system-defaults
1520847028811	addons.xpi	DEBUG	Existing add-on firefox@getpocket.com in app-system-defaults
1520847028811	addons.xpi	DEBUG	Existing add-on followonsearch@mozilla.com in app-system-defaults
1520847028811	addons.xpi	DEBUG	Existing add-on formautofill@mozilla.org in app-system-defaults
1520847028811	addons.xpi	DEBUG	Existing add-on onboarding@mozilla.org in app-system-defaults
1520847028812	addons.xpi	DEBUG	Existing add-on screenshots@mozilla.org in app-system-defaults
1520847028812	addons.xpi	DEBUG	Existing add-on shield-recipe-client@mozilla.org in app-system-defaults
1520847028812	addons.xpi	DEBUG	Existing add-on webcompat@mozilla.org in app-system-defaults
1520847028813	addons.xpi	INFO	Mapping {972ce4c6-7e08-4474-a285-3208198ce6fd} to C:\Program Files\Mozilla Firefox\browser\extensions\{972ce4c6-7e08-4474-a285-3208198ce6fd}.xpi
1520847028813	addons.xpi	DEBUG	Existing add-on {972ce4c6-7e08-4474-a285-3208198ce6fd} in app-global
1520847028813	addons.xpi	DEBUG	getInstallState changed: false, state: {}

	at org.openqa.selenium.firefox.internal.NewProfileExtensionConnection.start(NewProfileExtensionConnection.java:112)
	... 32 more
]]>
            </full-stacktrace>
          </exception> <!-- org.openqa.selenium.WebDriverException -->
          <reporter-output>
          </reporter-output>
        </test-method> <!-- IEAddtionalStories -->
      </class> <!-- pkg_ACAMS.AdditionalStories -->
    </test> <!-- Default test -->
  </suite> <!-- Default suite -->
</testng-results>
