<?xml version="1.0" encoding="UTF-8"?>
<testng-results skipped="0" failed="0" ignored="0" total="2" passed="2">
  <reporter-output>
  </reporter-output>
  <suite name="Default suite" duration-ms="11385" started-at="2018-09-13T16:57:25Z" finished-at="2018-09-13T16:57:37Z">
    <groups>
    </groups>
    <test name="Default test" duration-ms="11385" started-at="2018-09-13T16:57:25Z" finished-at="2018-09-13T16:57:37Z">
      <class name="com.test.LoginTest">
        <test-method status="PASS" signature="setup()[pri:0, instance:com.test.LoginTest@6b09bb57]" name="setup" is-config="true" duration-ms="11114" started-at="2018-09-13T22:27:25Z" finished-at="2018-09-13T22:27:37Z">
          <reporter-output>
          </reporter-output>
        </test-method> <!-- setup -->
        <test-method status="PASS" signature="vefirylogo()[pri:0, instance:com.test.LoginTest@6b09bb57]" name="vefirylogo" duration-ms="79" started-at="2018-09-13T22:27:37Z" finished-at="2018-09-13T22:27:37Z">
          <reporter-output>
          </reporter-output>
        </test-method> <!-- vefirylogo -->
        <test-method status="PASS" signature="verifytitle()[pri:0, instance:com.test.LoginTest@6b09bb57]" name="verifytitle" duration-ms="21" started-at="2018-09-13T22:27:37Z" finished-at="2018-09-13T22:27:37Z">
          <reporter-output>
          </reporter-output>
        </test-method> <!-- verifytitle -->
        <test-method status="PASS" signature="closebrowser()[pri:0, instance:com.test.LoginTest@6b09bb57]" name="closebrowser" is-config="true" duration-ms="142" started-at="2018-09-13T22:27:37Z" finished-at="2018-09-13T22:27:37Z">
          <reporter-output>
          </reporter-output>
        </test-method> <!-- closebrowser -->
      </class> <!-- com.test.LoginTest -->
    </test> <!-- Default test -->
  </suite> <!-- Default suite -->
</testng-results>
