<?xml version="1.0" encoding="UTF-8"?>
<testng-results skipped="0" failed="1" total="15" passed="14">
  <reporter-output>
  </reporter-output>
  <suite name="Default suite" duration-ms="1172282" started-at="2017-08-22T12:42:00Z" finished-at="2017-08-22T13:01:33Z">
    <groups>
    </groups>
    <test name="Default test" duration-ms="1172282" started-at="2017-08-22T12:42:00Z" finished-at="2017-08-22T13:01:33Z">
      <class name="DoctorUnite.DoctorUniteLogin">
        <test-method status="PASS" signature="setUp()[pri:0, instance:DoctorUnite.DoctorUniteLogin@29ee9faa]" name="setUp" is-config="true" duration-ms="7013" started-at="2017-08-22T18:20:21Z" finished-at="2017-08-22T18:20:28Z">
          <reporter-output>
          </reporter-output>
        </test-method> <!-- setUp -->
        <test-method status="PASS" signature="FirefoxLogin()[pri:0, instance:DoctorUnite.DoctorUniteLogin@29ee9faa]" name="FirefoxLogin" duration-ms="25635" started-at="2017-08-22T18:20:28Z" finished-at="2017-08-22T18:20:53Z">
          <reporter-output>
          </reporter-output>
        </test-method> <!-- FirefoxLogin -->
        <test-method status="FAIL" signature="ChromeLogin()[pri:1, instance:DoctorUnite.DoctorUniteLogin@29ee9faa]" name="ChromeLogin" duration-ms="11595" started-at="2017-08-22T18:20:53Z" finished-at="2017-08-22T18:21:05Z">
          <exception class="org.openqa.selenium.WebDriverException">
            <message>
              <![CDATA[unknown error: Element <input type="submit" class="btn btnlogin pull-right" id="loginbutton" name="yt4" value="Login"> is not clickable at point (1505, 27). Other element would receive the click: <div class="preloader" style="opacity: 0.0434028;">...</div>
  (Session info: chrome=60.0.3112.101)
  (Driver info: chromedriver=2.29.461591 (62ebf098771772160f391d75e589dc567915b233),platform=Windows NT 10.0.15063 x86_64) (WARNING: The server did not provide any stacktrace information)
Command duration or timeout: 72 milliseconds
Build info: version: '2.53.0', revision: '35ae25b', time: '2016-03-15 16:57:40'
System info: host: 'ASEN-D-AD023', ip: '192.168.12.37', os.name: 'Windows 10', os.arch: 'amd64', os.version: '10.0', java.version: '1.8.0_101'
Driver info: org.openqa.selenium.chrome.ChromeDriver
Capabilities [{applicationCacheEnabled=false, rotatable=false, mobileEmulationEnabled=false, networkConnectionEnabled=false, chrome={chromedriverVersion=2.29.461591 (62ebf098771772160f391d75e589dc567915b233), userDataDir=C:\Users\RAHUL~1.PAW\AppData\Local\Temp\scoped_dir10620_31606}, takesHeapSnapshot=true, pageLoadStrategy=normal, databaseEnabled=false, handlesAlerts=true, hasTouchScreen=false, version=60.0.3112.101, platform=XP, browserConnectionEnabled=false, nativeEvents=true, acceptSslCerts=true, locationContextEnabled=true, webStorageEnabled=true, browserName=chrome, takesScreenshot=true, javascriptEnabled=true, cssSelectorsEnabled=true, unexpectedAlertBehaviour=}]
Session ID: 9ae252338edaa080d9840b198bf35b21]]>
            </message>
            <full-stacktrace>
              <![CDATA[org.openqa.selenium.WebDriverException: unknown error: Element <input type="submit" class="btn btnlogin pull-right" id="loginbutton" name="yt4" value="Login"> is not clickable at point (1505, 27). Other element would receive the click: <div class="preloader" style="opacity: 0.0434028;">...</div>
  (Session info: chrome=60.0.3112.101)
  (Driver info: chromedriver=2.29.461591 (62ebf098771772160f391d75e589dc567915b233),platform=Windows NT 10.0.15063 x86_64) (WARNING: The server did not provide any stacktrace information)
Command duration or timeout: 72 milliseconds
Build info: version: '2.53.0', revision: '35ae25b', time: '2016-03-15 16:57:40'
System info: host: 'ASEN-D-AD023', ip: '192.168.12.37', os.name: 'Windows 10', os.arch: 'amd64', os.version: '10.0', java.version: '1.8.0_101'
Driver info: org.openqa.selenium.chrome.ChromeDriver
Capabilities [{applicationCacheEnabled=false, rotatable=false, mobileEmulationEnabled=false, networkConnectionEnabled=false, chrome={chromedriverVersion=2.29.461591 (62ebf098771772160f391d75e589dc567915b233), userDataDir=C:\Users\RAHUL~1.PAW\AppData\Local\Temp\scoped_dir10620_31606}, takesHeapSnapshot=true, pageLoadStrategy=normal, databaseEnabled=false, handlesAlerts=true, hasTouchScreen=false, version=60.0.3112.101, platform=XP, browserConnectionEnabled=false, nativeEvents=true, acceptSslCerts=true, locationContextEnabled=true, webStorageEnabled=true, browserName=chrome, takesScreenshot=true, javascriptEnabled=true, cssSelectorsEnabled=true, unexpectedAlertBehaviour=}]
Session ID: 9ae252338edaa080d9840b198bf35b21
	at sun.reflect.NativeConstructorAccessorImpl.newInstance0(Native Method)
	at sun.reflect.NativeConstructorAccessorImpl.newInstance(Unknown Source)
	at sun.reflect.DelegatingConstructorAccessorImpl.newInstance(Unknown Source)
	at java.lang.reflect.Constructor.newInstance(Unknown Source)
	at org.openqa.selenium.remote.ErrorHandler.createThrowable(ErrorHandler.java:206)
	at org.openqa.selenium.remote.ErrorHandler.throwIfResponseFailed(ErrorHandler.java:158)
	at org.openqa.selenium.remote.RemoteWebDriver.execute(RemoteWebDriver.java:678)
	at org.openqa.selenium.remote.RemoteWebElement.execute(RemoteWebElement.java:327)
	at org.openqa.selenium.remote.RemoteWebElement.click(RemoteWebElement.java:85)
	at DoctorUnite.DoctorUniteLogin.ChromeLogin(DoctorUniteLogin.java:55)
	at sun.reflect.NativeMethodAccessorImpl.invoke0(Native Method)
	at sun.reflect.NativeMethodAccessorImpl.invoke(Unknown Source)
	at sun.reflect.DelegatingMethodAccessorImpl.invoke(Unknown Source)
	at java.lang.reflect.Method.invoke(Unknown Source)
	at org.testng.internal.MethodInvocationHelper.invokeMethod(MethodInvocationHelper.java:85)
	at org.testng.internal.Invoker.invokeMethod(Invoker.java:639)
	at org.testng.internal.Invoker.invokeTestMethod(Invoker.java:816)
	at org.testng.internal.Invoker.invokeTestMethods(Invoker.java:1124)
	at org.testng.internal.TestMethodWorker.invokeTestMethods(TestMethodWorker.java:125)
	at org.testng.internal.TestMethodWorker.run(TestMethodWorker.java:108)
	at org.testng.TestRunner.privateRun(TestRunner.java:774)
	at org.testng.TestRunner.run(TestRunner.java:624)
	at org.testng.SuiteRunner.runTest(SuiteRunner.java:359)
	at org.testng.SuiteRunner.runSequentially(SuiteRunner.java:354)
	at org.testng.SuiteRunner.privateRun(SuiteRunner.java:312)
	at org.testng.SuiteRunner.run(SuiteRunner.java:261)
	at org.testng.SuiteRunnerWorker.runSuite(SuiteRunnerWorker.java:52)
	at org.testng.SuiteRunnerWorker.run(SuiteRunnerWorker.java:86)
	at org.testng.TestNG.runSuitesSequentially(TestNG.java:1215)
	at org.testng.TestNG.runSuitesLocally(TestNG.java:1140)
	at org.testng.TestNG.run(TestNG.java:1048)
	at org.testng.remote.AbstractRemoteTestNG.run(AbstractRemoteTestNG.java:132)
	at org.testng.remote.RemoteTestNG.initAndRun(RemoteTestNG.java:236)
	at org.testng.remote.RemoteTestNG.main(RemoteTestNG.java:81)
]]>
            </full-stacktrace>
          </exception> <!-- org.openqa.selenium.WebDriverException -->
          <reporter-output>
          </reporter-output>
        </test-method> <!-- ChromeLogin -->
        <test-method status="PASS" signature="IEHomePageEventLink()[pri:2, instance:DoctorUnite.DoctorUniteLogin@29ee9faa]" name="IEHomePageEventLink" duration-ms="135672" started-at="2017-08-22T18:21:05Z" finished-at="2017-08-22T18:23:21Z">
          <reporter-output>
          </reporter-output>
        </test-method> <!-- IEHomePageEventLink -->
      </class> <!-- DoctorUnite.DoctorUniteLogin -->
      <class name="DoctorUnite.OpenNewsArticle">
        <test-method status="PASS" signature="setUp()[pri:0, instance:DoctorUnite.OpenNewsArticle@cc285f4]" name="setUp" is-config="true" duration-ms="6273" started-at="2017-08-22T18:27:12Z" finished-at="2017-08-22T18:27:18Z">
          <reporter-output>
          </reporter-output>
        </test-method> <!-- setUp -->
        <test-method status="PASS" signature="FirefoxOpenNewsPost()[pri:0, instance:DoctorUnite.OpenNewsArticle@cc285f4]" name="FirefoxOpenNewsPost" duration-ms="52532" started-at="2017-08-22T18:27:18Z" finished-at="2017-08-22T18:28:11Z">
          <reporter-output>
          </reporter-output>
        </test-method> <!-- FirefoxOpenNewsPost -->
        <test-method status="PASS" signature="ChromeOpenNewsPost()[pri:1, instance:DoctorUnite.OpenNewsArticle@cc285f4]" name="ChromeOpenNewsPost" duration-ms="43697" started-at="2017-08-22T18:28:11Z" finished-at="2017-08-22T18:28:55Z">
          <reporter-output>
          </reporter-output>
        </test-method> <!-- ChromeOpenNewsPost -->
        <test-method status="PASS" signature="IEOpenNewsPost()[pri:2, instance:DoctorUnite.OpenNewsArticle@cc285f4]" name="IEOpenNewsPost" duration-ms="157959" started-at="2017-08-22T18:28:55Z" finished-at="2017-08-22T18:31:33Z">
          <reporter-output>
          </reporter-output>
        </test-method> <!-- IEOpenNewsPost -->
      </class> <!-- DoctorUnite.OpenNewsArticle -->
      <class name="DoctorUnite.FollowPost">
        <test-method status="PASS" signature="setUp()[pri:0, instance:DoctorUnite.FollowPost@6767c1fc]" name="setUp" is-config="true" duration-ms="6669" started-at="2017-08-22T18:16:27Z" finished-at="2017-08-22T18:16:34Z">
          <reporter-output>
          </reporter-output>
        </test-method> <!-- setUp -->
        <test-method status="PASS" signature="Firefoxfollow()[pri:0, instance:DoctorUnite.FollowPost@6767c1fc]" name="Firefoxfollow" duration-ms="40989" started-at="2017-08-22T18:16:34Z" finished-at="2017-08-22T18:17:15Z">
          <reporter-output>
          </reporter-output>
        </test-method> <!-- Firefoxfollow -->
        <test-method status="PASS" signature="ChromeLogin()[pri:1, instance:DoctorUnite.FollowPost@6767c1fc]" name="ChromeLogin" duration-ms="47559" started-at="2017-08-22T18:17:15Z" finished-at="2017-08-22T18:18:02Z">
          <reporter-output>
          </reporter-output>
        </test-method> <!-- ChromeLogin -->
        <test-method status="PASS" signature="IEfollow()[pri:2, instance:DoctorUnite.FollowPost@6767c1fc]" name="IEfollow" duration-ms="138566" started-at="2017-08-22T18:18:02Z" finished-at="2017-08-22T18:20:21Z">
          <reporter-output>
          </reporter-output>
        </test-method> <!-- IEfollow -->
      </class> <!-- DoctorUnite.FollowPost -->
      <class name="DoctorUnite.LikePost">
        <test-method status="PASS" signature="setUp()[pri:0, instance:DoctorUnite.LikePost@c038203]" name="setUp" is-config="true" duration-ms="6250" started-at="2017-08-22T18:23:21Z" finished-at="2017-08-22T18:23:27Z">
          <reporter-output>
          </reporter-output>
        </test-method> <!-- setUp -->
        <test-method status="PASS" signature="Firefoxfollow()[pri:0, instance:DoctorUnite.LikePost@c038203]" name="Firefoxfollow" duration-ms="48769" started-at="2017-08-22T18:23:27Z" finished-at="2017-08-22T18:24:16Z">
          <reporter-output>
          </reporter-output>
        </test-method> <!-- Firefoxfollow -->
        <test-method status="PASS" signature="ChromeLogin()[pri:1, instance:DoctorUnite.LikePost@c038203]" name="ChromeLogin" duration-ms="35247" started-at="2017-08-22T18:24:16Z" finished-at="2017-08-22T18:24:51Z">
          <reporter-output>
          </reporter-output>
        </test-method> <!-- ChromeLogin -->
        <test-method status="PASS" signature="IEfollow()[pri:2, instance:DoctorUnite.LikePost@c038203]" name="IEfollow" duration-ms="141307" started-at="2017-08-22T18:24:51Z" finished-at="2017-08-22T18:27:12Z">
          <reporter-output>
          </reporter-output>
        </test-method> <!-- IEfollow -->
      </class> <!-- DoctorUnite.LikePost -->
      <class name="DoctorUnite.SharePost">
        <test-method status="PASS" signature="setUp()[pri:0, instance:DoctorUnite.SharePost@4678c730]" name="setUp" is-config="true" duration-ms="6237" started-at="2017-08-22T18:12:00Z" finished-at="2017-08-22T18:12:07Z">
          <reporter-output>
          </reporter-output>
        </test-method> <!-- setUp -->
        <test-method status="PASS" signature="Firefoxfollow()[pri:0, instance:DoctorUnite.SharePost@4678c730]" name="Firefoxfollow" duration-ms="46840" started-at="2017-08-22T18:12:07Z" finished-at="2017-08-22T18:12:53Z">
          <reporter-output>
          </reporter-output>
        </test-method> <!-- Firefoxfollow -->
        <test-method status="PASS" signature="ChromeLogin()[pri:1, instance:DoctorUnite.SharePost@4678c730]" name="ChromeLogin" duration-ms="62808" started-at="2017-08-22T18:12:53Z" finished-at="2017-08-22T18:13:56Z">
          <reporter-output>
          </reporter-output>
        </test-method> <!-- ChromeLogin -->
        <test-method status="PASS" signature="IEfollow()[pri:2, instance:DoctorUnite.SharePost@4678c730]" name="IEfollow" duration-ms="150623" started-at="2017-08-22T18:13:56Z" finished-at="2017-08-22T18:16:27Z">
          <reporter-output>
          </reporter-output>
        </test-method> <!-- IEfollow -->
      </class> <!-- DoctorUnite.SharePost -->
    </test> <!-- Default test -->
  </suite> <!-- Default suite -->
</testng-results>
