<?xml version="1.0" encoding="UTF-8"?>
<testng-results skipped="0" failed="1" ignored="0" total="1" passed="0">
  <reporter-output>
  </reporter-output>
  <suite name="Default suite" duration-ms="71488" started-at="2019-01-16T13:35:18Z" finished-at="2019-01-16T13:36:29Z">
    <groups>
    </groups>
    <test name="Default test" duration-ms="71488" started-at="2019-01-16T13:35:18Z" finished-at="2019-01-16T13:36:29Z">
      <class name="SeleniumBasics.BrokenLinks_Imges">
        <test-method status="PASS" signature="openbrowser()[pri:0, instance:SeleniumBasics.BrokenLinks_Imges@31190526]" name="openbrowser" is-config="true" duration-ms="32898" started-at="2019-01-16T13:35:18Z" finished-at="2019-01-16T13:35:50Z">
          <reporter-output>
          </reporter-output>
        </test-method> <!-- openbrowser -->
        <test-method status="FAIL" signature="veifybrokenlinks()[pri:0, instance:SeleniumBasics.BrokenLinks_Imges@31190526]" name="veifybrokenlinks" duration-ms="36427" started-at="2019-01-16T13:35:50Z" finished-at="2019-01-16T13:36:27Z">
          <exception class="java.net.ProtocolException">
            <message>
              <![CDATA[Server redirected too many  times (20)]]>
            </message>
            <full-stacktrace>
              <![CDATA[java.net.ProtocolException: Server redirected too many  times (20)
at sun.net.www.protocol.http.HttpURLConnection.getInputStream0(Unknown Source)
at sun.net.www.protocol.http.HttpURLConnection.getInputStream(Unknown Source)
at java.net.HttpURLConnection.getResponseCode(Unknown Source)
at java.net.HttpURLConnection.getResponseMessage(Unknown Source)
at sun.net.www.protocol.https.HttpsURLConnectionImpl.getResponseMessage(Unknown Source)
at SeleniumBasics.BrokenLinks_Imges.veifybrokenlinks(BrokenLinks_Imges.java:80)
at sun.reflect.NativeMethodAccessorImpl.invoke0(Native Method)
at sun.reflect.NativeMethodAccessorImpl.invoke(Unknown Source)
at sun.reflect.DelegatingMethodAccessorImpl.invoke(Unknown Source)
at java.lang.reflect.Method.invoke(Unknown Source)
at org.testng.internal.MethodInvocationHelper.invokeMethod(MethodInvocationHelper.java:124)
at org.testng.internal.Invoker.invokeMethod(Invoker.java:580)
at org.testng.internal.Invoker.invokeTestMethod(Invoker.java:716)
at org.testng.internal.Invoker.invokeTestMethods(Invoker.java:988)
at org.testng.internal.TestMethodWorker.invokeTestMethods(TestMethodWorker.java:125)
at org.testng.internal.TestMethodWorker.run(TestMethodWorker.java:109)
at org.testng.TestRunner.privateRun(TestRunner.java:648)
at org.testng.TestRunner.run(TestRunner.java:505)
at org.testng.SuiteRunner.runTest(SuiteRunner.java:455)
at org.testng.SuiteRunner.runSequentially(SuiteRunner.java:450)
at org.testng.SuiteRunner.privateRun(SuiteRunner.java:415)
at org.testng.SuiteRunner.run(SuiteRunner.java:364)
at org.testng.SuiteRunnerWorker.runSuite(SuiteRunnerWorker.java:52)
at org.testng.SuiteRunnerWorker.run(SuiteRunnerWorker.java:84)
at org.testng.TestNG.runSuitesSequentially(TestNG.java:1208)
at org.testng.TestNG.runSuitesLocally(TestNG.java:1137)
at org.testng.TestNG.runSuites(TestNG.java:1049)
at org.testng.TestNG.run(TestNG.java:1017)
at org.testng.remote.AbstractRemoteTestNG.run(AbstractRemoteTestNG.java:114)
at org.testng.remote.RemoteTestNG.initAndRun(RemoteTestNG.java:251)
at org.testng.remote.RemoteTestNG.main(RemoteTestNG.java:77)
]]>
            </full-stacktrace>
          </exception> <!-- java.net.ProtocolException -->
          <reporter-output>
          </reporter-output>
        </test-method> <!-- veifybrokenlinks -->
        <test-method status="PASS" signature="closeinstance()[pri:0, instance:SeleniumBasics.BrokenLinks_Imges@31190526]" name="closeinstance" is-config="true" duration-ms="2084" started-at="2019-01-16T13:36:27Z" finished-at="2019-01-16T13:36:29Z">
          <reporter-output>
          </reporter-output>
        </test-method> <!-- closeinstance -->
      </class> <!-- SeleniumBasics.BrokenLinks_Imges -->
    </test> <!-- Default test -->
  </suite> <!-- Default suite -->
</testng-results>
