<?xml version="1.0" encoding="UTF-8"?>
<testng-results skipped="0" failed="1" ignored="0" total="3" passed="2">
  <reporter-output>
  </reporter-output>
  <suite name="Default suite" duration-ms="110102" started-at="2019-10-14T16:02:04Z" finished-at="2019-10-14T16:03:55Z">
    <groups>
    </groups>
    <test name="Default test" duration-ms="110102" started-at="2019-10-14T16:02:04Z" finished-at="2019-10-14T16:03:55Z">
      <class name="com.qa.testcases.test_checkout">
        <test-method status="PASS" signature="TestSetup()[pri:0, instance:com.qa.testcases.test_checkout@29774679]" name="TestSetup" is-config="true" duration-ms="46925" started-at="2019-10-14T21:32:04Z" finished-at="2019-10-14T21:32:51Z">
          <reporter-output>
          </reporter-output>
        </test-method> <!-- TestSetup -->
        <test-method status="FAIL" signature="LoginPageTetTitle()[pri:1, instance:com.qa.testcases.test_checkout@29774679]" name="LoginPageTetTitle" duration-ms="29" started-at="2019-10-14T21:32:51Z" finished-at="2019-10-14T21:32:51Z">
          <exception class="org.openqa.selenium.NoSuchWindowException">
            <message>
              <![CDATA[no such window: target window already closed
from unknown error: web view not found
  (Session info: chrome=77.0.3865.120)
  (Driver info: chromedriver=2.36.540470 (e522d04694c7ebea4ba8821272dbef4f9b818c91),platform=Windows NT 10.0.17134 x86_64) (WARNING: The server did not provide any stacktrace information)
Command duration or timeout: 10 milliseconds
Build info: version: 'unknown', revision: '3169782', time: '2016-09-29 10:24:50 -0700'
System info: host: 'ASEN-L-Rahul', ip: '192.168.2.195', os.name: 'Windows 10', os.arch: 'amd64', os.version: '10.0', java.version: '1.8.0_144'
Driver info: org.openqa.selenium.chrome.ChromeDriver
Capabilities [{applicationCacheEnabled=false, rotatable=false, mobileEmulationEnabled=false, networkConnectionEnabled=false, chrome={chromedriverVersion=2.36.540470 (e522d04694c7ebea4ba8821272dbef4f9b818c91), userDataDir=C:\Users\RAHUL~1.PAW\AppData\Local\Temp\scoped_dir11256_1960}, takesHeapSnapshot=true, pageLoadStrategy=normal, databaseEnabled=false, handlesAlerts=true, hasTouchScreen=false, version=77.0.3865.120, platform=XP, browserConnectionEnabled=false, nativeEvents=true, acceptSslCerts=false, acceptInsecureCerts=false, locationContextEnabled=true, webStorageEnabled=true, browserName=chrome, takesScreenshot=true, javascriptEnabled=true, cssSelectorsEnabled=true, setWindowRect=true, unexpectedAlertBehaviour=}]
Session ID: 52b6351b8973d7cca4eb92d29da5f148]]>
            </message>
            <full-stacktrace>
              <![CDATA[org.openqa.selenium.NoSuchWindowException: no such window: target window already closed
from unknown error: web view not found
  (Session info: chrome=77.0.3865.120)
  (Driver info: chromedriver=2.36.540470 (e522d04694c7ebea4ba8821272dbef4f9b818c91),platform=Windows NT 10.0.17134 x86_64) (WARNING: The server did not provide any stacktrace information)
Command duration or timeout: 10 milliseconds
Build info: version: 'unknown', revision: '3169782', time: '2016-09-29 10:24:50 -0700'
System info: host: 'ASEN-L-Rahul', ip: '192.168.2.195', os.name: 'Windows 10', os.arch: 'amd64', os.version: '10.0', java.version: '1.8.0_144'
Driver info: org.openqa.selenium.chrome.ChromeDriver
Capabilities [{applicationCacheEnabled=false, rotatable=false, mobileEmulationEnabled=false, networkConnectionEnabled=false, chrome={chromedriverVersion=2.36.540470 (e522d04694c7ebea4ba8821272dbef4f9b818c91), userDataDir=C:\Users\RAHUL~1.PAW\AppData\Local\Temp\scoped_dir11256_1960}, takesHeapSnapshot=true, pageLoadStrategy=normal, databaseEnabled=false, handlesAlerts=true, hasTouchScreen=false, version=77.0.3865.120, platform=XP, browserConnectionEnabled=false, nativeEvents=true, acceptSslCerts=false, acceptInsecureCerts=false, locationContextEnabled=true, webStorageEnabled=true, browserName=chrome, takesScreenshot=true, javascriptEnabled=true, cssSelectorsEnabled=true, setWindowRect=true, unexpectedAlertBehaviour=}]
Session ID: 52b6351b8973d7cca4eb92d29da5f148
	at sun.reflect.NativeConstructorAccessorImpl.newInstance0(Native Method)
	at sun.reflect.NativeConstructorAccessorImpl.newInstance(Unknown Source)
	at sun.reflect.DelegatingConstructorAccessorImpl.newInstance(Unknown Source)
	at java.lang.reflect.Constructor.newInstance(Unknown Source)
	at org.openqa.selenium.remote.ErrorHandler.createThrowable(ErrorHandler.java:206)
	at org.openqa.selenium.remote.ErrorHandler.throwIfResponseFailed(ErrorHandler.java:158)
	at org.openqa.selenium.remote.RemoteWebDriver.execute(RemoteWebDriver.java:636)
	at org.openqa.selenium.remote.RemoteWebDriver.execute(RemoteWebDriver.java:659)
	at org.openqa.selenium.remote.RemoteWebDriver.getTitle(RemoteWebDriver.java:327)
	at com.qa.pages.Checkout_process.ValidateTitle(Checkout_process.java:82)
	at com.qa.testcases.test_checkout.LoginPageTetTitle(test_checkout.java:32)
	at sun.reflect.NativeMethodAccessorImpl.invoke0(Native Method)
	at sun.reflect.NativeMethodAccessorImpl.invoke(Unknown Source)
	at sun.reflect.DelegatingMethodAccessorImpl.invoke(Unknown Source)
	at java.lang.reflect.Method.invoke(Unknown Source)
	at org.testng.internal.MethodInvocationHelper.invokeMethod(MethodInvocationHelper.java:108)
	at org.testng.internal.Invoker.invokeMethod(Invoker.java:661)
	at org.testng.internal.Invoker.invokeTestMethod(Invoker.java:869)
	at org.testng.internal.Invoker.invokeTestMethods(Invoker.java:1193)
	at org.testng.internal.TestMethodWorker.invokeTestMethods(TestMethodWorker.java:126)
	at org.testng.internal.TestMethodWorker.run(TestMethodWorker.java:109)
	at org.testng.TestRunner.privateRun(TestRunner.java:744)
	at org.testng.TestRunner.run(TestRunner.java:602)
	at org.testng.SuiteRunner.runTest(SuiteRunner.java:380)
	at org.testng.SuiteRunner.runSequentially(SuiteRunner.java:375)
	at org.testng.SuiteRunner.privateRun(SuiteRunner.java:340)
	at org.testng.SuiteRunner.run(SuiteRunner.java:289)
	at org.testng.SuiteRunnerWorker.runSuite(SuiteRunnerWorker.java:52)
	at org.testng.SuiteRunnerWorker.run(SuiteRunnerWorker.java:86)
	at org.testng.TestNG.runSuitesSequentially(TestNG.java:1301)
	at org.testng.TestNG.runSuitesLocally(TestNG.java:1226)
	at org.testng.TestNG.runSuites(TestNG.java:1144)
	at org.testng.TestNG.run(TestNG.java:1115)
	at org.testng.remote.AbstractRemoteTestNG.run(AbstractRemoteTestNG.java:114)
	at org.testng.remote.RemoteTestNG.initAndRun(RemoteTestNG.java:251)
	at org.testng.remote.RemoteTestNG.main(RemoteTestNG.java:77)
]]>
            </full-stacktrace>
          </exception> <!-- org.openqa.selenium.NoSuchWindowException -->
          <reporter-output>
          </reporter-output>
        </test-method> <!-- LoginPageTetTitle -->
        <test-method status="PASS" signature="TestSetup()[pri:0, instance:com.qa.testcases.test_checkout@29774679]" name="TestSetup" is-config="true" duration-ms="9867" started-at="2019-10-14T21:32:52Z" finished-at="2019-10-14T21:33:01Z">
          <reporter-output>
          </reporter-output>
        </test-method> <!-- TestSetup -->
        <test-method status="PASS" signature="CRMLogoImageTest()[pri:2, instance:com.qa.testcases.test_checkout@29774679]" name="CRMLogoImageTest" duration-ms="87" started-at="2019-10-14T21:33:01Z" finished-at="2019-10-14T21:33:01Z">
          <reporter-output>
          </reporter-output>
        </test-method> <!-- CRMLogoImageTest -->
        <test-method status="PASS" signature="TestSetup()[pri:0, instance:com.qa.testcases.test_checkout@29774679]" name="TestSetup" is-config="true" duration-ms="11458" started-at="2019-10-14T21:33:01Z" finished-at="2019-10-14T21:33:13Z">
          <reporter-output>
          </reporter-output>
        </test-method> <!-- TestSetup -->
        <test-method status="PASS" signature="searchItem()[pri:3, instance:com.qa.testcases.test_checkout@29774679]" name="searchItem" duration-ms="41589" started-at="2019-10-14T21:33:13Z" finished-at="2019-10-14T21:33:55Z">
          <reporter-output>
          </reporter-output>
        </test-method> <!-- searchItem -->
      </class> <!-- com.qa.testcases.test_checkout -->
    </test> <!-- Default test -->
  </suite> <!-- Default suite -->
</testng-results>
