<?xml version="1.0" encoding="UTF-8"?>
<testng-results skipped="0" failed="0" total="1" passed="1">
  <reporter-output>
  </reporter-output>
  <suite name="Default suite" duration-ms="6104" started-at="2017-02-06T17:41:52Z" finished-at="2017-02-06T17:41:58Z">
    <groups>
    </groups>
    <test name="Default test" duration-ms="6104" started-at="2017-02-06T17:41:52Z" finished-at="2017-02-06T17:41:58Z">
      <class name="ExcelReading.GetUserDetails">
        <test-method status="PASS" signature="Openbroweser()[pri:0, instance:ExcelReading.GetUserDetails@6767c1fc]" name="Openbroweser" duration-ms="6085" started-at="2017-02-06T23:11:52Z" finished-at="2017-02-06T23:11:58Z">
          <reporter-output>
          </reporter-output>
        </test-method> <!-- Openbroweser -->
      </class> <!-- ExcelReading.GetUserDetails -->
    </test> <!-- Default test -->
  </suite> <!-- Default suite -->
</testng-results>
